Using pre-set license
Built from '2020.3/staging' branch; Version is '2020.3.5f1 (8095aa901b9b) revision 8426922'; Using compiler version '192528614'; Build Type 'Release'
OS: 'Windows 10 Pro; OS build 19043.1526; Version 2009; 64bit' Language: 'en' Physical Memory: 8092 MB
BatchMode: 1, IsHumanControllingUs: 0, StartBugReporterOnCrash: 0, Is64bit: 1, IsPro: 0

 COMMAND LINE ARGUMENTS:
E:\unity\unity_2020\Unity\Editor\Unity.exe
-adb2
-batchMode
-noUpm
-name
AssetImportWorker0
-projectPath
E:/unity/Runout-challenge
-logFile
Logs/AssetImportWorker0.log
-srvPort
58148
Successfully changed project path to: E:/unity/Runout-challenge
E:/unity/Runout-challenge
Using Asset Import Pipeline V2.
Refreshing native plugins compatible for Editor in 58.23 ms, found 0 plugins.
Preloading 0 native plugins for Editor in 0.00 ms.
Initialize engine version: 2020.3.5f1 (8095aa901b9b)
[Subsystems] Discovering subsystems at path E:/unity/unity_2020/Unity/Editor/Data/Resources/UnitySubsystems
[Subsystems] Discovering subsystems at path E:/unity/Runout-challenge/Assets
GfxDevice: creating device client; threaded=0
Direct3D:
    Version:  Direct3D 11.0 [level 11.0]
    Renderer: NVIDIA GeForce 920MX (ID=0x134f)
    Vendor:   
    VRAM:     2020 MB
    Driver:   22.21.13.8264
Initialize mono
Mono path[0] = 'E:/unity/unity_2020/Unity/Editor/Data/Managed'
Mono path[1] = 'E:/unity/unity_2020/Unity/Editor/Data/MonoBleedingEdge/lib/mono/unityjit'
Mono config path = 'E:/unity/unity_2020/Unity/Editor/Data/MonoBleedingEdge/etc'
Using monoOptions --debugger-agent=transport=dt_socket,embedding=1,server=y,suspend=n,address=127.0.0.1:56496
Begin MonoManager ReloadAssembly
Registering precompiled unity dll's ...
Register platform support module: E:/unity/unity_2020/Unity/Editor/Data/PlaybackEngines/WindowsStandaloneSupport/UnityEditor.WindowsStandalone.Extensions.dll
Registered in 0.002046 seconds.
Native extension for WindowsStandalone target not found
Refreshing native plugins compatible for Editor in 59.94 ms, found 0 plugins.
Preloading 0 native plugins for Editor in 0.00 ms.
Mono: successfully reloaded assembly
- Completed reload, in  2.447 seconds
Platform modules already initialized, skipping
Registering precompiled user dll's ...
Registered in 0.000994 seconds.
Begin MonoManager ReloadAssembly
Native extension for WindowsStandalone target not found
Refreshing native plugins compatible for Editor in 0.42 ms, found 0 plugins.
Preloading 0 native plugins for Editor in 0.00 ms.
Mono: successfully reloaded assembly
- Completed reload, in  1.688 seconds
Platform modules already initialized, skipping
========================================================================
Worker process is ready to serve import requests
Launched and connected shader compiler UnityShaderCompiler.exe after 0.06 seconds
Refreshing native plugins compatible for Editor in 0.42 ms, found 0 plugins.
Preloading 0 native plugins for Editor in 0.00 ms.
Unloading 1477 Unused Serialized files (Serialized files now loaded: 0)
System memory in use before: 72.6 MB.
System memory in use after: 72.6 MB.

Unloading 11 unused Assets to reduce memory usage. Loaded Objects now: 1921.
Total: 2.835700 ms (FindLiveObjects: 0.452300 ms CreateObjectMapping: 0.103600 ms MarkObjects: 2.131000 ms  DeleteObjects: 0.147200 ms)

========================================================================
Received Import Request.
  path: Assets/FBX 1/Leg.prefab
  artifactKey: Guid(063caa755ee427841adde98f465467a4) Importer(815301076,1909f56bfc062723c751e8b465ee728b)
Start importing Assets/FBX 1/Leg.prefab using Guid(063caa755ee427841adde98f465467a4) Importer(815301076,1909f56bfc062723c751e8b465ee728b)  -> (artifact id: '3725d1f7fd803860039c0bcc798dede3') in 0.288336 seconds
  Import took 0.292934 seconds .

========================================================================
Received Import Request.
  Time since last request: 97.231850 seconds.
  path: Assets/FBX 1/Materials
  artifactKey: Guid(90fad0b66e32e514fa3c529b4ffedd2e) Importer(815301076,1909f56bfc062723c751e8b465ee728b)
Start importing Assets/FBX 1/Materials using Guid(90fad0b66e32e514fa3c529b4ffedd2e) Importer(815301076,1909f56bfc062723c751e8b465ee728b)  -> (artifact id: 'aa8abb7b735ebac7dda5e62500de9600') in 0.008320 seconds
  Import took 0.012078 seconds .

========================================================================
Received Import Request.
  Time since last request: 0.001264 seconds.
  path: Assets/FBX 1/Materials
  artifactKey: Guid(90fad0b66e32e514fa3c529b4ffedd2e) Importer(815301076,1909f56bfc062723c751e8b465ee728b)
Start importing Assets/FBX 1/Materials using Guid(90fad0b66e32e514fa3c529b4ffedd2e) Importer(815301076,1909f56bfc062723c751e8b465ee728b)  -> (artifact id: 'aa8abb7b735ebac7dda5e62500de9600') in 0.003248 seconds
  Import took 0.008123 seconds .

========================================================================
Received Import Request.
  Time since last request: 0.077631 seconds.
  path: Assets/FBX 1/Materials/stumps.mat
  artifactKey: Guid(2164bbb4b5c30134da04ae0bb7a25024) Importer(815301076,1909f56bfc062723c751e8b465ee728b)
Start importing Assets/FBX 1/Materials/stumps.mat using Guid(2164bbb4b5c30134da04ae0bb7a25024) Importer(815301076,1909f56bfc062723c751e8b465ee728b)  -> (artifact id: '172af50a48f366564e29093e28c20c6f') in 0.040048 seconds
  Import took 0.043271 seconds .

========================================================================
Received Import Request.
  Time since last request: 18.050005 seconds.
  path: Assets/FBX 1/Materials/Land.mat
  artifactKey: Guid(0881cdb4485904b4fa5010aeb9d6440f) Importer(815301076,1909f56bfc062723c751e8b465ee728b)
Start importing Assets/FBX 1/Materials/Land.mat using Guid(0881cdb4485904b4fa5010aeb9d6440f) Importer(815301076,1909f56bfc062723c751e8b465ee728b)  -> (artifact id: '5fe937a065dd896356d1bdb2441c102c') in 0.029144 seconds
  Import took 0.034234 seconds .

========================================================================
Received Import Request.
  Time since last request: 301.647333 seconds.
  path: Assets/FBX 1/Testing.cs
  artifactKey: Guid(7b04ca93ad0d94b40aede3c291605353) Importer(815301076,1909f56bfc062723c751e8b465ee728b)
Start importing Assets/FBX 1/Testing.cs using Guid(7b04ca93ad0d94b40aede3c291605353) Importer(815301076,1909f56bfc062723c751e8b465ee728b)  -> (artifact id: 'c8edd42fc5ea070450ae1ddbeb6a1598') in 0.057469 seconds
  Import took 0.063306 seconds .

========================================================================
Received Prepare
Registering precompiled user dll's ...
Registered in 0.000925 seconds.
Begin MonoManager ReloadAssembly
Native extension for WindowsStandalone target not found
Refreshing native plugins compatible for Editor in 0.33 ms, found 0 plugins.
Preloading 0 native plugins for Editor in 0.00 ms.
Mono: successfully reloaded assembly
- Completed reload, in  1.402 seconds
Platform modules already initialized, skipping
Refreshing native plugins compatible for Editor in 0.32 ms, found 0 plugins.
Preloading 0 native plugins for Editor in 0.00 ms.
Unloading 1451 Unused Serialized files (Serialized files now loaded: 0)
System memory in use before: 73.8 MB.
System memory in use after: 73.8 MB.

Unloading 6 unused Assets to reduce memory usage. Loaded Objects now: 1965.
Total: 3.034600 ms (FindLiveObjects: 0.293600 ms CreateObjectMapping: 0.098400 ms MarkObjects: 2.528800 ms  DeleteObjects: 0.112300 ms)

========================================================================
Received Prepare
Registering precompiled user dll's ...
Registered in 0.001016 seconds.
Begin MonoManager ReloadAssembly
Native extension for WindowsStandalone target not found
Refreshing native plugins compatible for Editor in 0.33 ms, found 0 plugins.
Preloading 0 native plugins for Editor in 0.00 ms.
Mono: successfully reloaded assembly
- Completed reload, in  1.194 seconds
Platform modules already initialized, skipping
Refreshing native plugins compatible for Editor in 0.30 ms, found 0 plugins.
Preloading 0 native plugins for Editor in 0.00 ms.
Unloading 1451 Unused Serialized files (Serialized files now loaded: 0)
System memory in use before: 73.8 MB.
System memory in use after: 73.9 MB.

Unloading 6 unused Assets to reduce memory usage. Loaded Objects now: 1968.
Total: 3.377000 ms (FindLiveObjects: 0.289100 ms CreateObjectMapping: 0.140500 ms MarkObjects: 2.845900 ms  DeleteObjects: 0.098500 ms)

========================================================================
Received Import Request.
  Time since last request: 117.954259 seconds.
  path: Assets/FBX 1/Testing.cs
  artifactKey: Guid(7b04ca93ad0d94b40aede3c291605353) Importer(815301076,1909f56bfc062723c751e8b465ee728b)
Start importing Assets/FBX 1/Testing.cs using Guid(7b04ca93ad0d94b40aede3c291605353) Importer(815301076,1909f56bfc062723c751e8b465ee728b)  -> (artifact id: 'a517dfcd9334f9e0d6b915d5a3c4172b') in 0.004673 seconds
  Import took 0.008132 seconds .

========================================================================
Received Import Request.
  Time since last request: 58.110864 seconds.
  path: Assets/FBX 1/Broken-stump 1.prefab
  artifactKey: Guid(38b916a4f3094f04db872530a982165d) Importer(815301076,1909f56bfc062723c751e8b465ee728b)
Start importing Assets/FBX 1/Broken-stump 1.prefab using Guid(38b916a4f3094f04db872530a982165d) Importer(815301076,1909f56bfc062723c751e8b465ee728b)  -> (artifact id: 'f282eb0dc9e80f7736c7005cb23ed31d') in 0.097412 seconds
  Import took 0.101967 seconds .

========================================================================
Received Prepare
Registering precompiled user dll's ...
Registered in 0.000709 seconds.
Begin MonoManager ReloadAssembly
Native extension for WindowsStandalone target not found
Refreshing native plugins compatible for Editor in 0.29 ms, found 0 plugins.
Preloading 0 native plugins for Editor in 0.00 ms.
Mono: successfully reloaded assembly
- Completed reload, in  0.948 seconds
Platform modules already initialized, skipping
Refreshing native plugins compatible for Editor in 0.30 ms, found 0 plugins.
Preloading 0 native plugins for Editor in 0.00 ms.
Unloading 1451 Unused Serialized files (Serialized files now loaded: 0)
System memory in use before: 73.8 MB.
System memory in use after: 73.9 MB.

Unloading 6 unused Assets to reduce memory usage. Loaded Objects now: 1972.
Total: 2.125400 ms (FindLiveObjects: 0.244600 ms CreateObjectMapping: 0.059900 ms MarkObjects: 1.724100 ms  DeleteObjects: 0.095300 ms)

========================================================================
Received Prepare
Registering precompiled user dll's ...
Registered in 0.000929 seconds.
Begin MonoManager ReloadAssembly
Native extension for WindowsStandalone target not found
Refreshing native plugins compatible for Editor in 0.39 ms, found 0 plugins.
Preloading 0 native plugins for Editor in 0.00 ms.
Mono: successfully reloaded assembly
- Completed reload, in  0.998 seconds
Platform modules already initialized, skipping
Refreshing native plugins compatible for Editor in 0.30 ms, found 0 plugins.
Preloading 0 native plugins for Editor in 0.00 ms.
Unloading 1451 Unused Serialized files (Serialized files now loaded: 0)
System memory in use before: 73.9 MB.
System memory in use after: 73.9 MB.

Unloading 6 unused Assets to reduce memory usage. Loaded Objects now: 1975.
Total: 2.723400 ms (FindLiveObjects: 0.435500 ms CreateObjectMapping: 0.122800 ms MarkObjects: 2.077100 ms  DeleteObjects: 0.086400 ms)

========================================================================
Received Import Request.
  Time since last request: 240.143884 seconds.
  path: Assets/FBX 1/Broken-stump 1.prefab
  artifactKey: Guid(38b916a4f3094f04db872530a982165d) Importer(815301076,1909f56bfc062723c751e8b465ee728b)
Start importing Assets/FBX 1/Broken-stump 1.prefab using Guid(38b916a4f3094f04db872530a982165d) Importer(815301076,1909f56bfc062723c751e8b465ee728b)  -> (artifact id: '2a6e8c4ff9c9bc52f4966d60ab815716') in 0.066480 seconds
  Import took 0.071116 seconds .

========================================================================
Received Prepare
Registering precompiled user dll's ...
Registered in 0.000834 seconds.
Begin MonoManager ReloadAssembly
Native extension for WindowsStandalone target not found
Refreshing native plugins compatible for Editor in 0.35 ms, found 0 plugins.
Preloading 0 native plugins for Editor in 0.00 ms.
Mono: successfully reloaded assembly
- Completed reload, in  1.013 seconds
Platform modules already initialized, skipping
Refreshing native plugins compatible for Editor in 0.44 ms, found 0 plugins.
Preloading 0 native plugins for Editor in 0.00 ms.
Unloading 1451 Unused Serialized files (Serialized files now loaded: 0)
System memory in use before: 73.9 MB.
System memory in use after: 73.9 MB.

Unloading 6 unused Assets to reduce memory usage. Loaded Objects now: 1979.
Total: 2.814000 ms (FindLiveObjects: 0.289800 ms CreateObjectMapping: 0.125900 ms MarkObjects: 2.310100 ms  DeleteObjects: 0.085300 ms)

========================================================================
Received Import Request.
  Time since last request: 40.887766 seconds.
  path: Assets/FBX 1/Broken-stump 1.prefab
  artifactKey: Guid(38b916a4f3094f04db872530a982165d) Importer(815301076,1909f56bfc062723c751e8b465ee728b)
Start importing Assets/FBX 1/Broken-stump 1.prefab using Guid(38b916a4f3094f04db872530a982165d) Importer(815301076,1909f56bfc062723c751e8b465ee728b)  -> (artifact id: 'b1a8799bede896909ced6133cd043895') in 0.069947 seconds
  Import took 0.073205 seconds .

========================================================================
Received Import Request.
  Time since last request: 1.986515 seconds.
  path: Assets/FBX 1/Broken-stump 1.prefab
  artifactKey: Guid(38b916a4f3094f04db872530a982165d) Importer(815301076,1909f56bfc062723c751e8b465ee728b)
Start importing Assets/FBX 1/Broken-stump 1.prefab using Guid(38b916a4f3094f04db872530a982165d) Importer(815301076,1909f56bfc062723c751e8b465ee728b)  -> (artifact id: 'eb45d24d8ebab49aec50625542bbb65d') in 0.019830 seconds
  Import took 0.023555 seconds .

========================================================================
Received Prepare
Registering precompiled user dll's ...
Registered in 0.000805 seconds.
Begin MonoManager ReloadAssembly
Native extension for WindowsStandalone target not found
Refreshing native plugins compatible for Editor in 0.29 ms, found 0 plugins.
Preloading 0 native plugins for Editor in 0.00 ms.
Mono: successfully reloaded assembly
- Completed reload, in  0.996 seconds
Platform modules already initialized, skipping
Refreshing native plugins compatible for Editor in 0.28 ms, found 0 plugins.
Preloading 0 native plugins for Editor in 0.00 ms.
Unloading 1451 Unused Serialized files (Serialized files now loaded: 0)
System memory in use before: 73.9 MB.
System memory in use after: 73.9 MB.

Unloading 6 unused Assets to reduce memory usage. Loaded Objects now: 1983.
Total: 2.124100 ms (FindLiveObjects: 0.244000 ms CreateObjectMapping: 0.071300 ms MarkObjects: 1.716900 ms  DeleteObjects: 0.090300 ms)

========================================================================
Received Import Request.
  Time since last request: 540.014761 seconds.
  path: Assets/FBX 1/wall-broken.fbx
  artifactKey: Guid(bad9eb558a448ae4dbafe29a87d47f9f) Importer(815301076,1909f56bfc062723c751e8b465ee728b)
Start importing Assets/FBX 1/wall-broken.fbx using Guid(bad9eb558a448ae4dbafe29a87d47f9f) Importer(815301076,1909f56bfc062723c751e8b465ee728b)  -> (artifact id: '27c55be3713629bb4fbdd3ea82016708') in 0.152824 seconds
  Import took 0.156747 seconds .

========================================================================
Received Import Request.
  Time since last request: 0.000371 seconds.
  path: Assets/FBX 1/wall.fbx
  artifactKey: Guid(bca743bf35842f448a8b43fe1366144e) Importer(815301076,1909f56bfc062723c751e8b465ee728b)
Start importing Assets/FBX 1/wall.fbx using Guid(bca743bf35842f448a8b43fe1366144e) Importer(815301076,1909f56bfc062723c751e8b465ee728b)  -> (artifact id: '7566bf164f50375d86c573fe97ce5b92') in 0.023623 seconds
  Import took 0.027205 seconds .

========================================================================
Received Prepare
Registering precompiled user dll's ...
Registered in 0.000691 seconds.
Begin MonoManager ReloadAssembly
Native extension for WindowsStandalone target not found
Refreshing native plugins compatible for Editor in 0.45 ms, found 0 plugins.
Preloading 0 native plugins for Editor in 0.00 ms.
Mono: successfully reloaded assembly
- Completed reload, in  1.060 seconds
Platform modules already initialized, skipping
Refreshing native plugins compatible for Editor in 0.33 ms, found 0 plugins.
Preloading 0 native plugins for Editor in 0.00 ms.
Unloading 1451 Unused Serialized files (Serialized files now loaded: 0)
System memory in use before: 74.0 MB.
System memory in use after: 74.1 MB.

Unloading 7 unused Assets to reduce memory usage. Loaded Objects now: 1990.
Total: 2.218800 ms (FindLiveObjects: 0.233400 ms CreateObjectMapping: 0.103000 ms MarkObjects: 1.792100 ms  DeleteObjects: 0.088400 ms)

========================================================================
Received Prepare
Registering precompiled user dll's ...
Registered in 0.000779 seconds.
Begin MonoManager ReloadAssembly
Native extension for WindowsStandalone target not found
Refreshing native plugins compatible for Editor in 0.33 ms, found 0 plugins.
Preloading 0 native plugins for Editor in 0.00 ms.
Mono: successfully reloaded assembly
- Completed reload, in  0.967 seconds
Platform modules already initialized, skipping
Refreshing native plugins compatible for Editor in 0.31 ms, found 0 plugins.
Preloading 0 native plugins for Editor in 0.00 ms.
Unloading 1451 Unused Serialized files (Serialized files now loaded: 0)
System memory in use before: 74.0 MB.
System memory in use after: 74.1 MB.

Unloading 6 unused Assets to reduce memory usage. Loaded Objects now: 1993.
Total: 2.870100 ms (FindLiveObjects: 0.238700 ms CreateObjectMapping: 0.106400 ms MarkObjects: 2.411300 ms  DeleteObjects: 0.111900 ms)

========================================================================
Received Import Request.
  Time since last request: 270.818182 seconds.
  path: Assets/FBX 1/wall-broken.prefab
  artifactKey: Guid(e3a627c9810da7d47b9d01bdad200acc) Importer(815301076,1909f56bfc062723c751e8b465ee728b)
Start importing Assets/FBX 1/wall-broken.prefab using Guid(e3a627c9810da7d47b9d01bdad200acc) Importer(815301076,1909f56bfc062723c751e8b465ee728b)  -> (artifact id: 'c873c0f8f4bb0b82e2590bbc25424acc') in 0.068706 seconds
  Import took 0.072088 seconds .

========================================================================
Received Prepare
Registering precompiled user dll's ...
Registered in 0.000971 seconds.
Begin MonoManager ReloadAssembly
Native extension for WindowsStandalone target not found
Refreshing native plugins compatible for Editor in 0.29 ms, found 0 plugins.
Preloading 0 native plugins for Editor in 0.00 ms.
Mono: successfully reloaded assembly
- Completed reload, in  0.962 seconds
Platform modules already initialized, skipping
Refreshing native plugins compatible for Editor in 0.30 ms, found 0 plugins.
Preloading 0 native plugins for Editor in 0.00 ms.
Unloading 1451 Unused Serialized files (Serialized files now loaded: 0)
System memory in use before: 74.1 MB.
System memory in use after: 74.1 MB.

Unloading 7 unused Assets to reduce memory usage. Loaded Objects now: 1997.
Total: 2.331100 ms (FindLiveObjects: 0.270700 ms CreateObjectMapping: 0.128600 ms MarkObjects: 1.843200 ms  DeleteObjects: 0.086600 ms)

========================================================================
Received Prepare
Registering precompiled user dll's ...
Registered in 0.001137 seconds.
Begin MonoManager ReloadAssembly
Native extension for WindowsStandalone target not found
Refreshing native plugins compatible for Editor in 0.30 ms, found 0 plugins.
Preloading 0 native plugins for Editor in 0.00 ms.
Mono: successfully reloaded assembly
- Completed reload, in  1.165 seconds
Platform modules already initialized, skipping
Refreshing native plugins compatible for Editor in 0.31 ms, found 0 plugins.
Preloading 0 native plugins for Editor in 0.00 ms.
Unloading 1451 Unused Serialized files (Serialized files now loaded: 0)
System memory in use before: 74.1 MB.
System memory in use after: 74.1 MB.

Unloading 6 unused Assets to reduce memory usage. Loaded Objects now: 2000.
Total: 2.944500 ms (FindLiveObjects: 0.323100 ms CreateObjectMapping: 0.154200 ms MarkObjects: 2.322900 ms  DeleteObjects: 0.141500 ms)

========================================================================
Received Prepare
Registering precompiled user dll's ...
Registered in 0.000728 seconds.
Begin MonoManager ReloadAssembly
Native extension for WindowsStandalone target not found
Refreshing native plugins compatible for Editor in 0.29 ms, found 0 plugins.
Preloading 0 native plugins for Editor in 0.00 ms.
Mono: successfully reloaded assembly
- Completed reload, in  1.137 seconds
Platform modules already initialized, skipping
Refreshing native plugins compatible for Editor in 0.30 ms, found 0 plugins.
Preloading 0 native plugins for Editor in 0.00 ms.
Unloading 1451 Unused Serialized files (Serialized files now loaded: 0)
System memory in use before: 74.1 MB.
System memory in use after: 74.1 MB.

Unloading 6 unused Assets to reduce memory usage. Loaded Objects now: 2003.
Total: 2.394100 ms (FindLiveObjects: 0.229300 ms CreateObjectMapping: 0.071500 ms MarkObjects: 1.999000 ms  DeleteObjects: 0.092800 ms)

========================================================================
Received Prepare
Registering precompiled user dll's ...
Registered in 0.000753 seconds.
Begin MonoManager ReloadAssembly
Native extension for WindowsStandalone target not found
Refreshing native plugins compatible for Editor in 0.29 ms, found 0 plugins.
Preloading 0 native plugins for Editor in 0.00 ms.
Mono: successfully reloaded assembly
- Completed reload, in  1.044 seconds
Platform modules already initialized, skipping
Refreshing native plugins compatible for Editor in 0.32 ms, found 0 plugins.
Preloading 0 native plugins for Editor in 0.00 ms.
Unloading 1451 Unused Serialized files (Serialized files now loaded: 0)
System memory in use before: 74.1 MB.
System memory in use after: 74.1 MB.

Unloading 6 unused Assets to reduce memory usage. Loaded Objects now: 2006.
Total: 3.924300 ms (FindLiveObjects: 0.308800 ms CreateObjectMapping: 0.126700 ms MarkObjects: 3.334800 ms  DeleteObjects: 0.150400 ms)

========================================================================
Received Prepare
Registering precompiled user dll's ...
Registered in 0.000714 seconds.
Begin MonoManager ReloadAssembly
Native extension for WindowsStandalone target not found
Refreshing native plugins compatible for Editor in 0.29 ms, found 0 plugins.
Preloading 0 native plugins for Editor in 0.00 ms.
Mono: successfully reloaded assembly
- Completed reload, in  0.962 seconds
Platform modules already initialized, skipping
Refreshing native plugins compatible for Editor in 0.30 ms, found 0 plugins.
Preloading 0 native plugins for Editor in 0.00 ms.
Unloading 1451 Unused Serialized files (Serialized files now loaded: 0)
System memory in use before: 74.1 MB.
System memory in use after: 74.1 MB.

Unloading 6 unused Assets to reduce memory usage. Loaded Objects now: 2009.
Total: 2.332700 ms (FindLiveObjects: 0.331800 ms CreateObjectMapping: 0.088100 ms MarkObjects: 1.786900 ms  DeleteObjects: 0.123000 ms)

========================================================================
Received Prepare
Registering precompiled user dll's ...
Registered in 0.000692 seconds.
Begin MonoManager ReloadAssembly
Native extension for WindowsStandalone target not found
Refreshing native plugins compatible for Editor in 0.29 ms, found 0 plugins.
Preloading 0 native plugins for Editor in 0.00 ms.
Mono: successfully reloaded assembly
- Completed reload, in  1.153 seconds
Platform modules already initialized, skipping
Refreshing native plugins compatible for Editor in 0.30 ms, found 0 plugins.
Preloading 0 native plugins for Editor in 0.00 ms.
Unloading 1451 Unused Serialized files (Serialized files now loaded: 0)
System memory in use before: 74.1 MB.
System memory in use after: 74.1 MB.

Unloading 6 unused Assets to reduce memory usage. Loaded Objects now: 2012.
Total: 3.242100 ms (FindLiveObjects: 0.225800 ms CreateObjectMapping: 0.103000 ms MarkObjects: 2.809700 ms  DeleteObjects: 0.101700 ms)

========================================================================
Received Prepare
Registering precompiled user dll's ...
Registered in 0.000681 seconds.
Begin MonoManager ReloadAssembly
Native extension for WindowsStandalone target not found
Refreshing native plugins compatible for Editor in 0.42 ms, found 0 plugins.
Preloading 0 native plugins for Editor in 0.00 ms.
Mono: successfully reloaded assembly
- Completed reload, in  0.946 seconds
Platform modules already initialized, skipping
Refreshing native plugins compatible for Editor in 0.28 ms, found 0 plugins.
Preloading 0 native plugins for Editor in 0.00 ms.
Unloading 1451 Unused Serialized files (Serialized files now loaded: 0)
System memory in use before: 74.1 MB.
System memory in use after: 74.1 MB.

Unloading 6 unused Assets to reduce memory usage. Loaded Objects now: 2015.
Total: 2.408200 ms (FindLiveObjects: 0.273000 ms CreateObjectMapping: 0.125700 ms MarkObjects: 1.901500 ms  DeleteObjects: 0.105500 ms)

========================================================================
Received Prepare
Registering precompiled user dll's ...
Registered in 0.000693 seconds.
Begin MonoManager ReloadAssembly
Native extension for WindowsStandalone target not found
Refreshing native plugins compatible for Editor in 0.28 ms, found 0 plugins.
Preloading 0 native plugins for Editor in 0.00 ms.
Mono: successfully reloaded assembly
- Completed reload, in  0.955 seconds
Platform modules already initialized, skipping
Refreshing native plugins compatible for Editor in 0.29 ms, found 0 plugins.
Preloading 0 native plugins for Editor in 0.00 ms.
Unloading 1451 Unused Serialized files (Serialized files now loaded: 0)
System memory in use before: 74.1 MB.
System memory in use after: 74.1 MB.

Unloading 6 unused Assets to reduce memory usage. Loaded Objects now: 2018.
Total: 3.061500 ms (FindLiveObjects: 0.343200 ms CreateObjectMapping: 0.167600 ms MarkObjects: 2.450400 ms  DeleteObjects: 0.097700 ms)

========================================================================
Received Import Request.
  Time since last request: 4989.044201 seconds.
  path: Assets/FBX 1/wall-broken Variant.prefab
  artifactKey: Guid(4967b264555b27143b02559306211169) Importer(815301076,1909f56bfc062723c751e8b465ee728b)
Start importing Assets/FBX 1/wall-broken Variant.prefab using Guid(4967b264555b27143b02559306211169) Importer(815301076,1909f56bfc062723c751e8b465ee728b)  -> (artifact id: '0fb2ba9498fb68fe93ce95bf71822ec4') in 0.080438 seconds
  Import took 0.083345 seconds .

========================================================================
Received Prepare
Registering precompiled user dll's ...
Registered in 0.000664 seconds.
Begin MonoManager ReloadAssembly
Native extension for WindowsStandalone target not found
Refreshing native plugins compatible for Editor in 0.28 ms, found 0 plugins.
Preloading 0 native plugins for Editor in 0.00 ms.
Mono: successfully reloaded assembly
- Completed reload, in  0.993 seconds
Platform modules already initialized, skipping
Refreshing native plugins compatible for Editor in 0.44 ms, found 0 plugins.
Preloading 0 native plugins for Editor in 0.00 ms.
Unloading 1451 Unused Serialized files (Serialized files now loaded: 0)
System memory in use before: 74.1 MB.
System memory in use after: 74.2 MB.

Unloading 7 unused Assets to reduce memory usage. Loaded Objects now: 2022.
Total: 2.665500 ms (FindLiveObjects: 0.407400 ms CreateObjectMapping: 0.247800 ms MarkObjects: 1.917500 ms  DeleteObjects: 0.090900 ms)

========================================================================
Received Prepare
Registering precompiled user dll's ...
Registered in 0.002168 seconds.
Begin MonoManager ReloadAssembly
Native extension for WindowsStandalone target not found
Refreshing native plugins compatible for Editor in 0.30 ms, found 0 plugins.
Preloading 0 native plugins for Editor in 0.00 ms.
Mono: successfully reloaded assembly
- Completed reload, in  0.984 seconds
Platform modules already initialized, skipping
Refreshing native plugins compatible for Editor in 0.30 ms, found 0 plugins.
Preloading 0 native plugins for Editor in 0.00 ms.
Unloading 1451 Unused Serialized files (Serialized files now loaded: 0)
System memory in use before: 74.1 MB.
System memory in use after: 74.2 MB.

Unloading 6 unused Assets to reduce memory usage. Loaded Objects now: 2025.
Total: 2.462400 ms (FindLiveObjects: 0.273400 ms CreateObjectMapping: 0.085600 ms MarkObjects: 2.017200 ms  DeleteObjects: 0.084600 ms)

========================================================================
Received Prepare
Registering precompiled user dll's ...
Registered in 0.000999 seconds.
Begin MonoManager ReloadAssembly
Native extension for WindowsStandalone target not found
Refreshing native plugins compatible for Editor in 0.45 ms, found 0 plugins.
Preloading 0 native plugins for Editor in 0.00 ms.
Mono: successfully reloaded assembly
- Completed reload, in  1.512 seconds
Platform modules already initialized, skipping
Refreshing native plugins compatible for Editor in 0.51 ms, found 0 plugins.
Preloading 0 native plugins for Editor in 0.00 ms.
Unloading 1451 Unused Serialized files (Serialized files now loaded: 0)
System memory in use before: 74.1 MB.
System memory in use after: 74.2 MB.

Unloading 6 unused Assets to reduce memory usage. Loaded Objects now: 2028.
Total: 4.341600 ms (FindLiveObjects: 0.379300 ms CreateObjectMapping: 0.115700 ms MarkObjects: 3.713600 ms  DeleteObjects: 0.131100 ms)

========================================================================
Received Prepare
Registering precompiled user dll's ...
Registered in 0.000661 seconds.
Begin MonoManager ReloadAssembly
Native extension for WindowsStandalone target not found
Refreshing native plugins compatible for Editor in 0.29 ms, found 0 plugins.
Preloading 0 native plugins for Editor in 0.00 ms.
Mono: successfully reloaded assembly
- Completed reload, in  1.122 seconds
Platform modules already initialized, skipping
Refreshing native plugins compatible for Editor in 0.28 ms, found 0 plugins.
Preloading 0 native plugins for Editor in 0.00 ms.
Unloading 1451 Unused Serialized files (Serialized files now loaded: 0)
System memory in use before: 74.1 MB.
System memory in use after: 74.2 MB.

Unloading 6 unused Assets to reduce memory usage. Loaded Objects now: 2031.
Total: 2.381800 ms (FindLiveObjects: 0.259100 ms CreateObjectMapping: 0.095100 ms MarkObjects: 1.933700 ms  DeleteObjects: 0.092100 ms)

========================================================================
Received Prepare
Registering precompiled user dll's ...
Registered in 0.000668 seconds.
Begin MonoManager ReloadAssembly
Native extension for WindowsStandalone target not found
Refreshing native plugins compatible for Editor in 0.30 ms, found 0 plugins.
Preloading 0 native plugins for Editor in 0.00 ms.
Mono: successfully reloaded assembly
- Completed reload, in  1.138 seconds
Platform modules already initialized, skipping
Refreshing native plugins compatible for Editor in 0.32 ms, found 0 plugins.
Preloading 0 native plugins for Editor in 0.00 ms.
Unloading 1451 Unused Serialized files (Serialized files now loaded: 0)
System memory in use before: 74.1 MB.
System memory in use after: 74.2 MB.

Unloading 6 unused Assets to reduce memory usage. Loaded Objects now: 2034.
Total: 5.342300 ms (FindLiveObjects: 1.422700 ms CreateObjectMapping: 0.281800 ms MarkObjects: 3.517600 ms  DeleteObjects: 0.118100 ms)

========================================================================
Received Import Request.
  Time since last request: 651.254607 seconds.
  path: Assets/FBX 1/brokekbox.fbx
  artifactKey: Guid(391921e12ac84cd4da370b0b19dce23a) Importer(815301076,1909f56bfc062723c751e8b465ee728b)
Start importing Assets/FBX 1/brokekbox.fbx using Guid(391921e12ac84cd4da370b0b19dce23a) Importer(815301076,1909f56bfc062723c751e8b465ee728b)  -> (artifact id: '5ecfdbf4e0a542e1c632c7d20c912940') in 0.232852 seconds
  Import took 0.237999 seconds .

========================================================================
Received Import Request.
  Time since last request: 37.395716 seconds.
  path: Assets/FBX 1/box.fbx
  artifactKey: Guid(77503cfbe0f93b64a846965ccb422e52) Importer(815301076,1909f56bfc062723c751e8b465ee728b)
Start importing Assets/FBX 1/box.fbx using Guid(77503cfbe0f93b64a846965ccb422e52) Importer(815301076,1909f56bfc062723c751e8b465ee728b)  -> (artifact id: 'd5a64a9fa4fbd19486fb226b9500e276') in 0.075181 seconds
  Import took 0.080732 seconds .

========================================================================
Received Prepare
Registering precompiled user dll's ...
Registered in 0.000669 seconds.
Begin MonoManager ReloadAssembly
Native extension for WindowsStandalone target not found
Refreshing native plugins compatible for Editor in 0.28 ms, found 0 plugins.
Preloading 0 native plugins for Editor in 0.00 ms.
Mono: successfully reloaded assembly
- Completed reload, in  1.108 seconds
Platform modules already initialized, skipping
Refreshing native plugins compatible for Editor in 0.28 ms, found 0 plugins.
Preloading 0 native plugins for Editor in 0.00 ms.
Unloading 1451 Unused Serialized files (Serialized files now loaded: 0)
System memory in use before: 74.2 MB.
System memory in use after: 74.2 MB.

Unloading 6 unused Assets to reduce memory usage. Loaded Objects now: 2038.
Total: 2.603200 ms (FindLiveObjects: 0.409600 ms CreateObjectMapping: 0.078800 ms MarkObjects: 2.017100 ms  DeleteObjects: 0.096000 ms)

========================================================================
Received Import Request.
  Time since last request: 184.769050 seconds.
  path: Assets/FBX 1/brokekbox.prefab
  artifactKey: Guid(18f982b1725e32940a9511ba5230ea71) Importer(815301076,1909f56bfc062723c751e8b465ee728b)
Start importing Assets/FBX 1/brokekbox.prefab using Guid(18f982b1725e32940a9511ba5230ea71) Importer(815301076,1909f56bfc062723c751e8b465ee728b)  -> (artifact id: '677e808ffeb076f81c49058a400a3c40') in 0.090634 seconds
  Import took 0.095923 seconds .

========================================================================
Received Prepare
Registering precompiled user dll's ...
Registered in 0.001219 seconds.
Begin MonoManager ReloadAssembly
Native extension for WindowsStandalone target not found
Refreshing native plugins compatible for Editor in 0.30 ms, found 0 plugins.
Preloading 0 native plugins for Editor in 0.00 ms.
Mono: successfully reloaded assembly
- Completed reload, in  0.956 seconds
Platform modules already initialized, skipping
Refreshing native plugins compatible for Editor in 0.29 ms, found 0 plugins.
Preloading 0 native plugins for Editor in 0.00 ms.
Unloading 1451 Unused Serialized files (Serialized files now loaded: 0)
System memory in use before: 74.0 MB.
System memory in use after: 74.1 MB.

Unloading 6 unused Assets to reduce memory usage. Loaded Objects now: 2042.
Total: 2.252200 ms (FindLiveObjects: 0.228300 ms CreateObjectMapping: 0.079500 ms MarkObjects: 1.834100 ms  DeleteObjects: 0.108400 ms)

========================================================================
Received Import Request.
  Time since last request: 87.411618 seconds.
  path: Assets/FBX 1/brokekbox.prefab
  artifactKey: Guid(18f982b1725e32940a9511ba5230ea71) Importer(815301076,1909f56bfc062723c751e8b465ee728b)
Start importing Assets/FBX 1/brokekbox.prefab using Guid(18f982b1725e32940a9511ba5230ea71) Importer(815301076,1909f56bfc062723c751e8b465ee728b)  -> (artifact id: '44bf6a3f3447e5182f7a637f9e55682a') in 0.066139 seconds
  Import took 0.069569 seconds .

========================================================================
Received Prepare
Registering precompiled user dll's ...
Registered in 0.000987 seconds.
Begin MonoManager ReloadAssembly
Native extension for WindowsStandalone target not found
Refreshing native plugins compatible for Editor in 0.35 ms, found 0 plugins.
Preloading 0 native plugins for Editor in 0.00 ms.
Mono: successfully reloaded assembly
- Completed reload, in  1.213 seconds
Platform modules already initialized, skipping
Refreshing native plugins compatible for Editor in 0.37 ms, found 0 plugins.
Preloading 0 native plugins for Editor in 0.00 ms.
Unloading 1451 Unused Serialized files (Serialized files now loaded: 0)
System memory in use before: 74.0 MB.
System memory in use after: 74.1 MB.

Unloading 6 unused Assets to reduce memory usage. Loaded Objects now: 2046.
Total: 2.342700 ms (FindLiveObjects: 0.292800 ms CreateObjectMapping: 0.100000 ms MarkObjects: 1.846100 ms  DeleteObjects: 0.101900 ms)

========================================================================
Received Prepare
Registering precompiled user dll's ...
Registered in 0.000749 seconds.
Begin MonoManager ReloadAssembly
Native extension for WindowsStandalone target not found
Refreshing native plugins compatible for Editor in 0.32 ms, found 0 plugins.
Preloading 0 native plugins for Editor in 0.00 ms.
Mono: successfully reloaded assembly
- Completed reload, in  0.948 seconds
Platform modules already initialized, skipping
Refreshing native plugins compatible for Editor in 0.29 ms, found 0 plugins.
Preloading 0 native plugins for Editor in 0.00 ms.
Unloading 1451 Unused Serialized files (Serialized files now loaded: 0)
System memory in use before: 74.0 MB.
System memory in use after: 74.1 MB.

Unloading 6 unused Assets to reduce memory usage. Loaded Objects now: 2049.
Total: 3.133400 ms (FindLiveObjects: 0.300100 ms CreateObjectMapping: 0.179400 ms MarkObjects: 2.554700 ms  DeleteObjects: 0.097700 ms)

========================================================================
Received Import Request.
  Time since last request: 4599.442495 seconds.
  path: Assets/FBX 1/Leg 1.prefab
  artifactKey: Guid(e8b0de0f287aaec4a9f4c71d9844313e) Importer(815301076,1909f56bfc062723c751e8b465ee728b)
Start importing Assets/FBX 1/Leg 1.prefab using Guid(e8b0de0f287aaec4a9f4c71d9844313e) Importer(815301076,1909f56bfc062723c751e8b465ee728b)  -> (artifact id: '527d07dc404a51ba311fbf4091c0aa88') in 0.099804 seconds
  Import took 0.104389 seconds .

========================================================================
Received Import Request.
  Time since last request: 0.034221 seconds.
  path: Assets/FBX 1/Leg 1.prefab
  artifactKey: Guid(e8b0de0f287aaec4a9f4c71d9844313e) Importer(815301076,1909f56bfc062723c751e8b465ee728b)
Start importing Assets/FBX 1/Leg 1.prefab using Guid(e8b0de0f287aaec4a9f4c71d9844313e) Importer(815301076,1909f56bfc062723c751e8b465ee728b)  -> (artifact id: '527d07dc404a51ba311fbf4091c0aa88') in 0.013076 seconds
  Import took 0.017222 seconds .

========================================================================
Received Import Request.
  Time since last request: 262.026465 seconds.
  path: Assets/FBX 1/stump.fbx
  artifactKey: Guid(b0c3943600a12e24d8e3889299a8f3b9) Importer(815301076,1909f56bfc062723c751e8b465ee728b)
Start importing Assets/FBX 1/stump.fbx using Guid(b0c3943600a12e24d8e3889299a8f3b9) Importer(815301076,1909f56bfc062723c751e8b465ee728b)  -> (artifact id: 'b4c0d1810e6581a3016767ae2610b8e4') in 0.097992 seconds
  Import took 0.106777 seconds .

========================================================================
Received Import Request.
  Time since last request: 227.934169 seconds.
  path: Assets/FBX 1/broken-stump.fbx
  artifactKey: Guid(af72a9bf418b03447ae851f6ebcd8be7) Importer(815301076,1909f56bfc062723c751e8b465ee728b)
Start importing Assets/FBX 1/broken-stump.fbx using Guid(af72a9bf418b03447ae851f6ebcd8be7) Importer(815301076,1909f56bfc062723c751e8b465ee728b)  -> (artifact id: '316de50d412e7d13a34832b81d5fed32') in 0.070332 seconds
  Import took 0.079929 seconds .

========================================================================
Received Import Request.
  Time since last request: 101.340614 seconds.
  path: Assets/FBX 1/broken-stump.prefab
  artifactKey: Guid(afd0bed8eb6cf4943a878a652d44c8e5) Importer(815301076,1909f56bfc062723c751e8b465ee728b)
Start importing Assets/FBX 1/broken-stump.prefab using Guid(afd0bed8eb6cf4943a878a652d44c8e5) Importer(815301076,1909f56bfc062723c751e8b465ee728b)  -> (artifact id: 'e01fd99e3599c3f3b39479876c96ae29') in 0.030424 seconds
  Import took 0.035784 seconds .

========================================================================
Received Prepare
Registering precompiled user dll's ...
Registered in 0.000674 seconds.
Begin MonoManager ReloadAssembly
Native extension for WindowsStandalone target not found
Refreshing native plugins compatible for Editor in 0.30 ms, found 0 plugins.
Preloading 0 native plugins for Editor in 0.00 ms.
Mono: successfully reloaded assembly
- Completed reload, in  1.079 seconds
Platform modules already initialized, skipping
Refreshing native plugins compatible for Editor in 0.31 ms, found 0 plugins.
Preloading 0 native plugins for Editor in 0.00 ms.
Unloading 1451 Unused Serialized files (Serialized files now loaded: 0)
System memory in use before: 74.1 MB.
System memory in use after: 74.1 MB.

Unloading 6 unused Assets to reduce memory usage. Loaded Objects now: 2053.
Total: 2.374200 ms (FindLiveObjects: 0.180200 ms CreateObjectMapping: 0.060200 ms MarkObjects: 1.913700 ms  DeleteObjects: 0.218900 ms)

========================================================================
Received Prepare
Registering precompiled user dll's ...
Registered in 0.001013 seconds.
Begin MonoManager ReloadAssembly
Native extension for WindowsStandalone target not found
Refreshing native plugins compatible for Editor in 0.29 ms, found 0 plugins.
Preloading 0 native plugins for Editor in 0.00 ms.
Mono: successfully reloaded assembly
- Completed reload, in  0.997 seconds
Platform modules already initialized, skipping
Refreshing native plugins compatible for Editor in 0.29 ms, found 0 plugins.
Preloading 0 native plugins for Editor in 0.00 ms.
Unloading 1451 Unused Serialized files (Serialized files now loaded: 0)
System memory in use before: 74.1 MB.
System memory in use after: 74.1 MB.

Unloading 6 unused Assets to reduce memory usage. Loaded Objects now: 2056.
Total: 2.152200 ms (FindLiveObjects: 0.243900 ms CreateObjectMapping: 0.062400 ms MarkObjects: 1.744000 ms  DeleteObjects: 0.100300 ms)

========================================================================
Received Import Request.
  Time since last request: 362.365774 seconds.
  path: Assets/FBX 1/stump (1).prefab
  artifactKey: Guid(6b6703e47189ab24eb1855857f716dbf) Importer(815301076,1909f56bfc062723c751e8b465ee728b)
Start importing Assets/FBX 1/stump (1).prefab using Guid(6b6703e47189ab24eb1855857f716dbf) Importer(815301076,1909f56bfc062723c751e8b465ee728b)  -> (artifact id: '76298c534ef15b70417303b7b6043f77') in 0.071163 seconds
  Import took 0.074464 seconds .

========================================================================
Received Prepare
Registering precompiled user dll's ...
Registered in 0.000677 seconds.
Begin MonoManager ReloadAssembly
Native extension for WindowsStandalone target not found
Refreshing native plugins compatible for Editor in 0.36 ms, found 0 plugins.
Preloading 0 native plugins for Editor in 0.00 ms.
Mono: successfully reloaded assembly
- Completed reload, in  1.214 seconds
Platform modules already initialized, skipping
Refreshing native plugins compatible for Editor in 0.33 ms, found 0 plugins.
Preloading 0 native plugins for Editor in 0.00 ms.
Unloading 1451 Unused Serialized files (Serialized files now loaded: 0)
System memory in use before: 74.1 MB.
System memory in use after: 74.1 MB.

Unloading 6 unused Assets to reduce memory usage. Loaded Objects now: 2060.
Total: 2.639300 ms (FindLiveObjects: 0.282800 ms CreateObjectMapping: 0.118800 ms MarkObjects: 2.102200 ms  DeleteObjects: 0.133600 ms)

========================================================================
Received Prepare
Registering precompiled user dll's ...
Registered in 0.000815 seconds.
Begin MonoManager ReloadAssembly
Native extension for WindowsStandalone target not found
Refreshing native plugins compatible for Editor in 0.58 ms, found 0 plugins.
Preloading 0 native plugins for Editor in 0.00 ms.
Mono: successfully reloaded assembly
- Completed reload, in  1.185 seconds
Platform modules already initialized, skipping
Refreshing native plugins compatible for Editor in 0.40 ms, found 0 plugins.
Preloading 0 native plugins for Editor in 0.00 ms.
Unloading 1451 Unused Serialized files (Serialized files now loaded: 0)
System memory in use before: 74.1 MB.
System memory in use after: 74.1 MB.

Unloading 6 unused Assets to reduce memory usage. Loaded Objects now: 2063.
Total: 2.366300 ms (FindLiveObjects: 0.256100 ms CreateObjectMapping: 0.071100 ms MarkObjects: 1.932900 ms  DeleteObjects: 0.103700 ms)

========================================================================
Received Prepare
Registering precompiled user dll's ...
Registered in 0.000675 seconds.
Begin MonoManager ReloadAssembly
Native extension for WindowsStandalone target not found
Refreshing native plugins compatible for Editor in 0.28 ms, found 0 plugins.
Preloading 0 native plugins for Editor in 0.00 ms.
Mono: successfully reloaded assembly
- Completed reload, in  1.063 seconds
Platform modules already initialized, skipping
Refreshing native plugins compatible for Editor in 0.30 ms, found 0 plugins.
Preloading 0 native plugins for Editor in 0.00 ms.
Unloading 1451 Unused Serialized files (Serialized files now loaded: 0)
System memory in use before: 74.1 MB.
System memory in use after: 74.1 MB.

Unloading 6 unused Assets to reduce memory usage. Loaded Objects now: 2066.
Total: 2.422700 ms (FindLiveObjects: 0.346100 ms CreateObjectMapping: 0.105800 ms MarkObjects: 1.868200 ms  DeleteObjects: 0.101000 ms)

========================================================================
Received Import Request.
  Time since last request: 617.548328 seconds.
  path: Assets/FBX 1/broken-stump.prefab
  artifactKey: Guid(afd0bed8eb6cf4943a878a652d44c8e5) Importer(815301076,1909f56bfc062723c751e8b465ee728b)
Start importing Assets/FBX 1/broken-stump.prefab using Guid(afd0bed8eb6cf4943a878a652d44c8e5) Importer(815301076,1909f56bfc062723c751e8b465ee728b)  -> (artifact id: 'e7bc36197b6811f10d516dd7060faf0e') in 0.087992 seconds
  Import took 0.092993 seconds .

========================================================================
Received Prepare
Registering precompiled user dll's ...
Registered in 0.000711 seconds.
Begin MonoManager ReloadAssembly
Native extension for WindowsStandalone target not found
Refreshing native plugins compatible for Editor in 0.29 ms, found 0 plugins.
Preloading 0 native plugins for Editor in 0.00 ms.
Mono: successfully reloaded assembly
- Completed reload, in  1.299 seconds
Platform modules already initialized, skipping
Refreshing native plugins compatible for Editor in 0.42 ms, found 0 plugins.
Preloading 0 native plugins for Editor in 0.00 ms.
Unloading 1451 Unused Serialized files (Serialized files now loaded: 0)
System memory in use before: 74.1 MB.
System memory in use after: 74.1 MB.

Unloading 6 unused Assets to reduce memory usage. Loaded Objects now: 2070.
Total: 4.377600 ms (FindLiveObjects: 0.824200 ms CreateObjectMapping: 0.334500 ms MarkObjects: 3.109200 ms  DeleteObjects: 0.107800 ms)

========================================================================
Received Prepare
Registering precompiled user dll's ...
Registered in 0.000698 seconds.
Begin MonoManager ReloadAssembly
Native extension for WindowsStandalone target not found
Refreshing native plugins compatible for Editor in 0.51 ms, found 0 plugins.
Preloading 0 native plugins for Editor in 0.00 ms.
Mono: successfully reloaded assembly
- Completed reload, in  1.369 seconds
Platform modules already initialized, skipping
Refreshing native plugins compatible for Editor in 0.30 ms, found 0 plugins.
Preloading 0 native plugins for Editor in 0.00 ms.
Unloading 1451 Unused Serialized files (Serialized files now loaded: 0)
System memory in use before: 74.1 MB.
System memory in use after: 74.1 MB.

Unloading 6 unused Assets to reduce memory usage. Loaded Objects now: 2073.
Total: 2.312000 ms (FindLiveObjects: 0.233800 ms CreateObjectMapping: 0.059300 ms MarkObjects: 1.918400 ms  DeleteObjects: 0.099300 ms)

========================================================================
Received Prepare
Registering precompiled user dll's ...
Registered in 0.001020 seconds.
Begin MonoManager ReloadAssembly
Native extension for WindowsStandalone target not found
Refreshing native plugins compatible for Editor in 0.32 ms, found 0 plugins.
Preloading 0 native plugins for Editor in 0.00 ms.
Mono: successfully reloaded assembly
- Completed reload, in  0.948 seconds
Platform modules already initialized, skipping
Refreshing native plugins compatible for Editor in 0.34 ms, found 0 plugins.
Preloading 0 native plugins for Editor in 0.00 ms.
Unloading 1451 Unused Serialized files (Serialized files now loaded: 0)
System memory in use before: 74.1 MB.
System memory in use after: 74.1 MB.

Unloading 6 unused Assets to reduce memory usage. Loaded Objects now: 2076.
Total: 2.802000 ms (FindLiveObjects: 0.283000 ms CreateObjectMapping: 0.106900 ms MarkObjects: 2.283300 ms  DeleteObjects: 0.127300 ms)

========================================================================
Received Import Request.
  Time since last request: 374.232530 seconds.
  path: Assets/FBX 1/testing-stump.fbx
  artifactKey: Guid(8306747b4e5465d4e9fddc910b08535c) Importer(815301076,1909f56bfc062723c751e8b465ee728b)
Start importing Assets/FBX 1/testing-stump.fbx using Guid(8306747b4e5465d4e9fddc910b08535c) Importer(815301076,1909f56bfc062723c751e8b465ee728b)  -> (artifact id: 'bf86d0c3b8e24b464bed7a061091dc1e') in 0.098872 seconds
  Import took 0.104004 seconds .

========================================================================
Received Import Request.
  Time since last request: 0.000312 seconds.
  path: Assets/FBX 1/broken-testing-stump.fbx
  artifactKey: Guid(411f7a12cc7b5224384be6b2e33770c3) Importer(815301076,1909f56bfc062723c751e8b465ee728b)
Start importing Assets/FBX 1/broken-testing-stump.fbx using Guid(411f7a12cc7b5224384be6b2e33770c3) Importer(815301076,1909f56bfc062723c751e8b465ee728b)  -> (artifact id: 'd836c199de9eca452dedf757a64b36b3') in 0.110550 seconds
  Import took 0.113999 seconds .

========================================================================
Received Import Request.
  Time since last request: 16.862211 seconds.
  path: Assets/FBX 1/Materials/Land.mat
  artifactKey: Guid(0881cdb4485904b4fa5010aeb9d6440f) Importer(815301076,1909f56bfc062723c751e8b465ee728b)
Start importing Assets/FBX 1/Materials/Land.mat using Guid(0881cdb4485904b4fa5010aeb9d6440f) Importer(815301076,1909f56bfc062723c751e8b465ee728b)  -> (artifact id: '8b389624deedd7c8dc77ee937d5ac7c0') in 0.029685 seconds
  Import took 0.033902 seconds .

========================================================================
Received Import Request.
  Time since last request: 107.732306 seconds.
  path: Assets/FBX 1/broken-testing-stump.prefab
  artifactKey: Guid(156993f7ccf5f7f41b50fb7928cb3b0a) Importer(815301076,1909f56bfc062723c751e8b465ee728b)
Start importing Assets/FBX 1/broken-testing-stump.prefab using Guid(156993f7ccf5f7f41b50fb7928cb3b0a) Importer(815301076,1909f56bfc062723c751e8b465ee728b)  -> (artifact id: '26e0fe7df872e7bea0a503f03d3f9945') in 0.016416 seconds
  Import took 0.020096 seconds .

========================================================================
Received Import Request.
  Time since last request: 0.004615 seconds.
  path: Assets/FBX 1/broken-testing-stump.prefab
  artifactKey: Guid(156993f7ccf5f7f41b50fb7928cb3b0a) Importer(815301076,1909f56bfc062723c751e8b465ee728b)
Start importing Assets/FBX 1/broken-testing-stump.prefab using Guid(156993f7ccf5f7f41b50fb7928cb3b0a) Importer(815301076,1909f56bfc062723c751e8b465ee728b)  -> (artifact id: '26e0fe7df872e7bea0a503f03d3f9945') in 0.012402 seconds
  Import took 0.016422 seconds .

========================================================================
Received Prepare
Registering precompiled user dll's ...
Registered in 0.003431 seconds.
Begin MonoManager ReloadAssembly
Native extension for WindowsStandalone target not found
Refreshing native plugins compatible for Editor in 0.29 ms, found 0 plugins.
Preloading 0 native plugins for Editor in 0.00 ms.
Mono: successfully reloaded assembly
- Completed reload, in  1.014 seconds
Platform modules already initialized, skipping
Refreshing native plugins compatible for Editor in 0.28 ms, found 0 plugins.
Preloading 0 native plugins for Editor in 0.00 ms.
Unloading 1451 Unused Serialized files (Serialized files now loaded: 0)
System memory in use before: 74.1 MB.
System memory in use after: 74.2 MB.

Unloading 7 unused Assets to reduce memory usage. Loaded Objects now: 2080.
Total: 2.927300 ms (FindLiveObjects: 0.347400 ms CreateObjectMapping: 0.127600 ms MarkObjects: 2.342700 ms  DeleteObjects: 0.105900 ms)

========================================================================
Received Import Request.
  Time since last request: 6573.674393 seconds.
  path: Assets/FBX 1/stump.fbx
  artifactKey: Guid(b0c3943600a12e24d8e3889299a8f3b9) Importer(815301076,1909f56bfc062723c751e8b465ee728b)
Start importing Assets/FBX 1/stump.fbx using Guid(b0c3943600a12e24d8e3889299a8f3b9) Importer(815301076,1909f56bfc062723c751e8b465ee728b)  -> (artifact id: 'f3cf79fdc736077d82c9008551157e10') in 0.261848 seconds
  Import took 0.265842 seconds .

========================================================================
Received Import Request.
  Time since last request: 128.536306 seconds.
  path: Assets/FBX 1/stump.fbx
  artifactKey: Guid(b0c3943600a12e24d8e3889299a8f3b9) Importer(815301076,1909f56bfc062723c751e8b465ee728b)
Start importing Assets/FBX 1/stump.fbx using Guid(b0c3943600a12e24d8e3889299a8f3b9) Importer(815301076,1909f56bfc062723c751e8b465ee728b)  -> (artifact id: 'bdb0ea87575ffd8bedf98e380fbffbfa') in 0.117793 seconds
  Import took 0.123448 seconds .

========================================================================
Received Import Request.
  Time since last request: 12.988381 seconds.
  path: Assets/FBX 1/stump.fbm
  artifactKey: Guid(b69d70a44362f6c4fbba8bc115522822) Importer(815301076,1909f56bfc062723c751e8b465ee728b)
Start importing Assets/FBX 1/stump.fbm using Guid(b69d70a44362f6c4fbba8bc115522822) Importer(815301076,1909f56bfc062723c751e8b465ee728b)  -> (artifact id: '9506f67dff8972c9cec43e261db852a4') in 0.010366 seconds
  Import took 0.014508 seconds .

========================================================================
Received Import Request.
  Time since last request: 0.006974 seconds.
  path: Assets/FBX 1/stump.fbm
  artifactKey: Guid(b69d70a44362f6c4fbba8bc115522822) Importer(815301076,1909f56bfc062723c751e8b465ee728b)
Start importing Assets/FBX 1/stump.fbm using Guid(b69d70a44362f6c4fbba8bc115522822) Importer(815301076,1909f56bfc062723c751e8b465ee728b)  -> (artifact id: '9506f67dff8972c9cec43e261db852a4') in 0.004607 seconds
  Import took 0.009049 seconds .

========================================================================
Received Import Request.
  Time since last request: 0.060192 seconds.
  path: Assets/FBX 1/stump.fbm/stump-stick.png
  artifactKey: Guid(fec5f677108420d4883b6857f732be29) Importer(815301076,1909f56bfc062723c751e8b465ee728b)
Start importing Assets/FBX 1/stump.fbm/stump-stick.png using Guid(fec5f677108420d4883b6857f732be29) Importer(815301076,1909f56bfc062723c751e8b465ee728b)  -> (artifact id: 'bbc12de521fb2df8e930e08eb6402284') in 0.037083 seconds
  Import took 0.040806 seconds .

========================================================================
Received Import Request.
  Time since last request: 4.975330 seconds.
  path: Assets/FBX 1/Materials/stump-stick.mat
  artifactKey: Guid(f8b892be96008bb49b3228c633e97acf) Importer(815301076,1909f56bfc062723c751e8b465ee728b)
Start importing Assets/FBX 1/Materials/stump-stick.mat using Guid(f8b892be96008bb49b3228c633e97acf) Importer(815301076,1909f56bfc062723c751e8b465ee728b)  -> (artifact id: 'cda39a26937023f9ff480c1c83538e9a') in 0.016692 seconds
  Import took 0.021042 seconds .

========================================================================
Received Import Request.
  Time since last request: 258.958579 seconds.
  path: Assets/FBX 1/cricket-assets.fbx
  artifactKey: Guid(c73705a7bdae24d4cbf668af4edfcdc3) Importer(815301076,1909f56bfc062723c751e8b465ee728b)
Start importing Assets/FBX 1/cricket-assets.fbx using Guid(c73705a7bdae24d4cbf668af4edfcdc3) Importer(815301076,1909f56bfc062723c751e8b465ee728b)  -> (artifact id: '93c07f95e0fabade8c09c88ad99ca3c1') in 0.146173 seconds
  Import took 0.151510 seconds .

========================================================================
Received Import Request.
  Time since last request: 8.636809 seconds.
  path: Assets/FBX 1/cricket-assets.fbx
  artifactKey: Guid(c73705a7bdae24d4cbf668af4edfcdc3) Importer(815301076,1909f56bfc062723c751e8b465ee728b)
Start importing Assets/FBX 1/cricket-assets.fbx using Guid(c73705a7bdae24d4cbf668af4edfcdc3) Importer(815301076,1909f56bfc062723c751e8b465ee728b)  -> (artifact id: '561f143e0785e9ac95f131c4b940f707') in 0.042433 seconds
  Import took 0.047173 seconds .

========================================================================
Received Import Request.
  Time since last request: 0.001179 seconds.
  path: Assets/FBX 1/cricket-assets.fbx
  artifactKey: Guid(c73705a7bdae24d4cbf668af4edfcdc3) Importer(815301076,1909f56bfc062723c751e8b465ee728b)
Start importing Assets/FBX 1/cricket-assets.fbx using Guid(c73705a7bdae24d4cbf668af4edfcdc3) Importer(815301076,1909f56bfc062723c751e8b465ee728b)  -> (artifact id: '561f143e0785e9ac95f131c4b940f707') in 0.047005 seconds
  Import took 0.051269 seconds .

========================================================================
Received Import Request.
  Time since last request: 104.897957 seconds.
  path: Assets/FBX 1/cricket-assets.fbm
  artifactKey: Guid(a0429e53bdebe8d4b8b6ec9bcc60b13b) Importer(815301076,1909f56bfc062723c751e8b465ee728b)
Start importing Assets/FBX 1/cricket-assets.fbm using Guid(a0429e53bdebe8d4b8b6ec9bcc60b13b) Importer(815301076,1909f56bfc062723c751e8b465ee728b)  -> (artifact id: '1edce90b6358baef0a0d84a9299aa31d') in 0.008063 seconds
  Import took 0.013393 seconds .

========================================================================
Received Import Request.
  Time since last request: 0.000735 seconds.
  path: Assets/FBX 1/cricket-assets.fbm
  artifactKey: Guid(a0429e53bdebe8d4b8b6ec9bcc60b13b) Importer(815301076,1909f56bfc062723c751e8b465ee728b)
Start importing Assets/FBX 1/cricket-assets.fbm using Guid(a0429e53bdebe8d4b8b6ec9bcc60b13b) Importer(815301076,1909f56bfc062723c751e8b465ee728b)  -> (artifact id: '1edce90b6358baef0a0d84a9299aa31d') in 0.003617 seconds
  Import took 0.006887 seconds .

========================================================================
Received Import Request.
  Time since last request: 0.070720 seconds.
  path: Assets/FBX 1/cricket-assets.fbm/stump-stick.png
  artifactKey: Guid(a3b4b0997eff0a8438a3c7fa408e6136) Importer(815301076,1909f56bfc062723c751e8b465ee728b)
Start importing Assets/FBX 1/cricket-assets.fbm/stump-stick.png using Guid(a3b4b0997eff0a8438a3c7fa408e6136) Importer(815301076,1909f56bfc062723c751e8b465ee728b)  -> (artifact id: '0e9bbe48aafd16fc965b5a0b0fcb18e0') in 0.017394 seconds
  Import took 0.021704 seconds .

========================================================================
Received Import Request.
  Time since last request: 5.433025 seconds.
  path: Assets/FBX 1/Materials/stump-stick.mat
  artifactKey: Guid(f8b892be96008bb49b3228c633e97acf) Importer(815301076,1909f56bfc062723c751e8b465ee728b)
Start importing Assets/FBX 1/Materials/stump-stick.mat using Guid(f8b892be96008bb49b3228c633e97acf) Importer(815301076,1909f56bfc062723c751e8b465ee728b)  -> (artifact id: 'b5649d412634f34b88ad3a1e6da9fa89') in 0.012312 seconds
  Import took 0.015965 seconds .

========================================================================
Received Import Request.
  Time since last request: 0.000271 seconds.
  path: Assets/FBX 1/Materials/Stumps.mat
  artifactKey: Guid(2164bbb4b5c30134da04ae0bb7a25024) Importer(815301076,1909f56bfc062723c751e8b465ee728b)
Start importing Assets/FBX 1/Materials/Stumps.mat using Guid(2164bbb4b5c30134da04ae0bb7a25024) Importer(815301076,1909f56bfc062723c751e8b465ee728b)  -> (artifact id: 'cd245a358101d91af1e1ca6d06d7e684') in 0.017449 seconds
  Import took 0.021999 seconds .

========================================================================
Received Import Request.
  Time since last request: 265.502367 seconds.
  path: Assets/FBX 1/stump.fbx
  artifactKey: Guid(b0c3943600a12e24d8e3889299a8f3b9) Importer(815301076,1909f56bfc062723c751e8b465ee728b)
Start importing Assets/FBX 1/stump.fbx using Guid(b0c3943600a12e24d8e3889299a8f3b9) Importer(815301076,1909f56bfc062723c751e8b465ee728b)  -> (artifact id: '179cfccb04ebb6d3ed172c713ec27ecf') in 0.105584 seconds
  Import took 0.113232 seconds .

========================================================================
Received Import Request.
  Time since last request: 22.040222 seconds.
  path: Assets/FBX 1/stump.fbx
  artifactKey: Guid(b0c3943600a12e24d8e3889299a8f3b9) Importer(815301076,1909f56bfc062723c751e8b465ee728b)
Start importing Assets/FBX 1/stump.fbx using Guid(b0c3943600a12e24d8e3889299a8f3b9) Importer(815301076,1909f56bfc062723c751e8b465ee728b)  -> (artifact id: '23bf901d0a8e9ff874802f139fd87086') in 0.098675 seconds
  Import took 0.103440 seconds .

========================================================================
Received Import Request.
  Time since last request: 460.578590 seconds.
  path: Assets/FBX 1/stump.fbx
  artifactKey: Guid(b0c3943600a12e24d8e3889299a8f3b9) Importer(815301076,1909f56bfc062723c751e8b465ee728b)
Start importing Assets/FBX 1/stump.fbx using Guid(b0c3943600a12e24d8e3889299a8f3b9) Importer(815301076,1909f56bfc062723c751e8b465ee728b)  -> (artifact id: 'a146ff520eade2bbab10ad31791c844d') in 0.140423 seconds
  Import took 0.146972 seconds .

========================================================================
Received Import Request.
  Time since last request: 12.515614 seconds.
  path: Assets/FBX 1/stump.fbx
  artifactKey: Guid(b0c3943600a12e24d8e3889299a8f3b9) Importer(815301076,1909f56bfc062723c751e8b465ee728b)
Start importing Assets/FBX 1/stump.fbx using Guid(b0c3943600a12e24d8e3889299a8f3b9) Importer(815301076,1909f56bfc062723c751e8b465ee728b)  -> (artifact id: 'ebd6a4e62b1d59851d081774b7449710') in 0.102960 seconds
  Import took 0.108041 seconds .

========================================================================
Received Import Request.
  Time since last request: 0.013581 seconds.
  path: Assets/FBX 1/stump.fbx
  artifactKey: Guid(b0c3943600a12e24d8e3889299a8f3b9) Importer(815301076,1909f56bfc062723c751e8b465ee728b)
Start importing Assets/FBX 1/stump.fbx using Guid(b0c3943600a12e24d8e3889299a8f3b9) Importer(815301076,1909f56bfc062723c751e8b465ee728b)  -> (artifact id: 'ebd6a4e62b1d59851d081774b7449710') in 0.044382 seconds
  Import took 0.049555 seconds .

========================================================================
Received Import Request.
  Time since last request: 18.798454 seconds.
  path: Assets/FBX 1/stump.fbx
  artifactKey: Guid(b0c3943600a12e24d8e3889299a8f3b9) Importer(815301076,1909f56bfc062723c751e8b465ee728b)
Start importing Assets/FBX 1/stump.fbx using Guid(b0c3943600a12e24d8e3889299a8f3b9) Importer(815301076,1909f56bfc062723c751e8b465ee728b)  -> (artifact id: '05f2fd31d35338dba3af04ee61d3d86d') in 0.117650 seconds
  Import took 0.122319 seconds .

AssetImportWorkerClient::OnTransportError - code=2 error=End of file
