Using pre-set license
Built from '2020.3/staging' branch; Version is '2020.3.5f1 (8095aa901b9b) revision 8426922'; Using compiler version '192528614'; Build Type 'Release'
OS: 'Windows 10 Pro; OS build 19043.1526; Version 2009; 64bit' Language: 'en' Physical Memory: 8092 MB
BatchMode: 1, IsHumanControllingUs: 0, StartBugReporterOnCrash: 0, Is64bit: 1, IsPro: 0

 COMMAND LINE ARGUMENTS:
E:\unity\unity_2020\Unity\Editor\Unity.exe
-adb2
-batchMode
-noUpm
-name
AssetImportWorker0
-projectPath
E:/unity/Runout-challenge/Main
-logFile
Logs/AssetImportWorker0.log
-srvPort
55793
Successfully changed project path to: E:/unity/Runout-challenge/Main
E:/unity/Runout-challenge/Main
Using Asset Import Pipeline V2.
Refreshing native plugins compatible for Editor in 28.57 ms, found 0 plugins.
Preloading 0 native plugins for Editor in 0.00 ms.
Initialize engine version: 2020.3.5f1 (8095aa901b9b)
[Subsystems] Discovering subsystems at path E:/unity/unity_2020/Unity/Editor/Data/Resources/UnitySubsystems
[Subsystems] Discovering subsystems at path E:/unity/Runout-challenge/Main/Assets
GfxDevice: creating device client; threaded=0
Direct3D:
    Version:  Direct3D 11.0 [level 11.0]
    Renderer: NVIDIA GeForce 920MX (ID=0x134f)
    Vendor:   
    VRAM:     2020 MB
    Driver:   22.21.13.8264
Initialize mono
Mono path[0] = 'E:/unity/unity_2020/Unity/Editor/Data/Managed'
Mono path[1] = 'E:/unity/unity_2020/Unity/Editor/Data/MonoBleedingEdge/lib/mono/unityjit'
Mono config path = 'E:/unity/unity_2020/Unity/Editor/Data/MonoBleedingEdge/etc'
Using monoOptions --debugger-agent=transport=dt_socket,embedding=1,server=y,suspend=n,address=127.0.0.1:56328
Begin MonoManager ReloadAssembly
Registering precompiled unity dll's ...
Register platform support module: E:/unity/unity_2020/Unity/Editor/Data/PlaybackEngines/WindowsStandaloneSupport/UnityEditor.WindowsStandalone.Extensions.dll
Registered in 0.003228 seconds.
Native extension for WindowsStandalone target not found
Refreshing native plugins compatible for Editor in 28.21 ms, found 0 plugins.
Preloading 0 native plugins for Editor in 0.00 ms.
Mono: successfully reloaded assembly
- Completed reload, in  2.127 seconds
Platform modules already initialized, skipping
Registering precompiled user dll's ...
Registered in 0.001946 seconds.
Begin MonoManager ReloadAssembly
Native extension for WindowsStandalone target not found
Refreshing native plugins compatible for Editor in 0.22 ms, found 0 plugins.
Preloading 0 native plugins for Editor in 0.00 ms.
Mono: successfully reloaded assembly
- Completed reload, in  1.010 seconds
Platform modules already initialized, skipping
========================================================================
Worker process is ready to serve import requests
Launched and connected shader compiler UnityShaderCompiler.exe after 0.07 seconds
Refreshing native plugins compatible for Editor in 0.28 ms, found 0 plugins.
Preloading 0 native plugins for Editor in 0.00 ms.
Unloading 1115 Unused Serialized files (Serialized files now loaded: 0)
System memory in use before: 57.2 MB.
System memory in use after: 57.3 MB.

Unloading 10 unused Assets to reduce memory usage. Loaded Objects now: 1557.
Total: 2.441900 ms (FindLiveObjects: 0.260800 ms CreateObjectMapping: 0.156400 ms MarkObjects: 1.934800 ms  DeleteObjects: 0.088400 ms)

========================================================================
Received Import Request.
  path: Assets
  artifactKey: Guid(00000000000000001000000000000000) Importer(815301076,1909f56bfc062723c751e8b465ee728b)
Start importing Assets using Guid(00000000000000001000000000000000) Importer(815301076,1909f56bfc062723c751e8b465ee728b)  -> (artifact id: 'e4856052512617ee48189cf1d7999900') in 0.009709 seconds
  Import took 0.013046 seconds .

========================================================================
Received Import Request.
  Time since last request: 29.262528 seconds.
  path: Assets/FBX
  artifactKey: Guid(20fc853d0f0740d4bb5953f7a1ba3514) Importer(815301076,1909f56bfc062723c751e8b465ee728b)
Start importing Assets/FBX using Guid(20fc853d0f0740d4bb5953f7a1ba3514) Importer(815301076,1909f56bfc062723c751e8b465ee728b)  -> (artifact id: '9d2844785cb1355891ccbddcde5060f1') in 0.013691 seconds
  Import took 0.017010 seconds .

========================================================================
Received Import Request.
  Time since last request: 14.420905 seconds.
  path: Assets/FBX/Stadium
  artifactKey: Guid(98083b764205b2143afa91c52ec208f9) Importer(815301076,1909f56bfc062723c751e8b465ee728b)
Start importing Assets/FBX/Stadium using Guid(98083b764205b2143afa91c52ec208f9) Importer(815301076,1909f56bfc062723c751e8b465ee728b)  -> (artifact id: 'b412eb71130656c53c680418a42e50e5') in 0.011095 seconds
  Import took 0.015542 seconds .

========================================================================
Received Import Request.
  Time since last request: 0.001919 seconds.
  path: Assets/FBX/Stadium
  artifactKey: Guid(98083b764205b2143afa91c52ec208f9) Importer(815301076,1909f56bfc062723c751e8b465ee728b)
Start importing Assets/FBX/Stadium using Guid(98083b764205b2143afa91c52ec208f9) Importer(815301076,1909f56bfc062723c751e8b465ee728b)  -> (artifact id: 'b412eb71130656c53c680418a42e50e5') in 0.004665 seconds
  Import took 0.009659 seconds .

========================================================================
Received Import Request.
  Time since last request: 0.077435 seconds.
  path: Assets/FBX/Stadium/Stadium.fbx
  artifactKey: Guid(db8013685571da742a29ed9a909c9695) Importer(815301076,1909f56bfc062723c751e8b465ee728b)
Start importing Assets/FBX/Stadium/Stadium.fbx using Guid(db8013685571da742a29ed9a909c9695) Importer(815301076,1909f56bfc062723c751e8b465ee728b)  -> (artifact id: 'f11232ff49ae4af06b4ff2cfd9892269') in 0.304011 seconds
  Import took 0.307641 seconds .

========================================================================
Received Import Request.
  Time since last request: 26.196193 seconds.
  path: Assets/FBX/Stadium/Stadium.fbx
  artifactKey: Guid(db8013685571da742a29ed9a909c9695) Importer(815301076,1909f56bfc062723c751e8b465ee728b)
Start importing Assets/FBX/Stadium/Stadium.fbx using Guid(db8013685571da742a29ed9a909c9695) Importer(815301076,1909f56bfc062723c751e8b465ee728b)  -> (artifact id: '3558eec56a0d6926e1e56d0eebb7d5dc') in 0.113314 seconds
  Import took 0.117010 seconds .

========================================================================
Received Import Request.
  Time since last request: 9.686876 seconds.
  path: Assets/FBX/Stadium/Materials
  artifactKey: Guid(2a3b6c1458214984f9f10e658f86f280) Importer(815301076,1909f56bfc062723c751e8b465ee728b)
Start importing Assets/FBX/Stadium/Materials using Guid(2a3b6c1458214984f9f10e658f86f280) Importer(815301076,1909f56bfc062723c751e8b465ee728b)  -> (artifact id: '2093319ecc14d2422382dd00b3fa7ada') in 0.008764 seconds
  Import took 0.015562 seconds .

========================================================================
Received Import Request.
  Time since last request: 0.848789 seconds.
  path: Assets/FBX/Stadium/Materials/_0089_PaleTurquoise.mat
  artifactKey: Guid(b7fa7a0365da8cc4ea180730773bcd0b) Importer(815301076,1909f56bfc062723c751e8b465ee728b)
Start importing Assets/FBX/Stadium/Materials/_0089_PaleTurquoise.mat using Guid(b7fa7a0365da8cc4ea180730773bcd0b) Importer(815301076,1909f56bfc062723c751e8b465ee728b)  -> (artifact id: '058cc562349aa3bd7e5ae82610b81cdb') in 0.024070 seconds
  Import took 0.027141 seconds .

========================================================================
Received Import Request.
  Time since last request: 0.000334 seconds.
  path: Assets/FBX/Stadium/Materials/material.mat
  artifactKey: Guid(ae85f3db585c847468b42a932f18f7eb) Importer(815301076,1909f56bfc062723c751e8b465ee728b)
Start importing Assets/FBX/Stadium/Materials/material.mat using Guid(ae85f3db585c847468b42a932f18f7eb) Importer(815301076,1909f56bfc062723c751e8b465ee728b)  -> (artifact id: 'e79aadbe0b01c9ab32a6ee82e96e3ced') in 0.018777 seconds
  Import took 0.021096 seconds .

========================================================================
Received Import Request.
  Time since last request: 0.000227 seconds.
  path: Assets/FBX/Stadium/Materials/Stadium.mat
  artifactKey: Guid(c5b6c5f193c152c4c9ef343f456be2ad) Importer(815301076,1909f56bfc062723c751e8b465ee728b)
Start importing Assets/FBX/Stadium/Materials/Stadium.mat using Guid(c5b6c5f193c152c4c9ef343f456be2ad) Importer(815301076,1909f56bfc062723c751e8b465ee728b)  -> (artifact id: '3eb33e16f16cfe6263976355b53031cf') in 0.022550 seconds
  Import took 0.025750 seconds .

========================================================================
Received Import Request.
  Time since last request: 1417.345658 seconds.
  path: Assets/FBX/Stadium/model.fbx
  artifactKey: Guid(8c242f78e1bcdb549a8f92e51cc372cb) Importer(815301076,1909f56bfc062723c751e8b465ee728b)
Start importing Assets/FBX/Stadium/model.fbx using Guid(8c242f78e1bcdb549a8f92e51cc372cb) Importer(815301076,1909f56bfc062723c751e8b465ee728b)  -> (artifact id: 'cb1be84de97111fd57367a5e90e1226c') in 0.073997 seconds
  Import took 0.077917 seconds .

========================================================================
Received Import Request.
  Time since last request: 0.004026 seconds.
  path: Assets/FBX/Stadium/model.fbx
  artifactKey: Guid(8c242f78e1bcdb549a8f92e51cc372cb) Importer(815301076,1909f56bfc062723c751e8b465ee728b)
Start importing Assets/FBX/Stadium/model.fbx using Guid(8c242f78e1bcdb549a8f92e51cc372cb) Importer(815301076,1909f56bfc062723c751e8b465ee728b)  -> (artifact id: 'cb1be84de97111fd57367a5e90e1226c') in 0.040813 seconds
  Import took 0.043622 seconds .

========================================================================
Received Import Request.
  Time since last request: 13.441014 seconds.
  path: Assets/FBX/Stadium/model.fbx
  artifactKey: Guid(8c242f78e1bcdb549a8f92e51cc372cb) Importer(815301076,1909f56bfc062723c751e8b465ee728b)
Start importing Assets/FBX/Stadium/model.fbx using Guid(8c242f78e1bcdb549a8f92e51cc372cb) Importer(815301076,1909f56bfc062723c751e8b465ee728b)  -> (artifact id: 'ac9cd37fa2e577d4bfec24913a533cd4') in 0.030606 seconds
  Import took 0.033807 seconds .

========================================================================
Received Import Request.
  Time since last request: 10.644789 seconds.
  path: Assets/FBX/Stadium/Materials/Color_D06.mat
  artifactKey: Guid(7edcd75e2b4dc1d43af5377f4dec6cd5) Importer(815301076,1909f56bfc062723c751e8b465ee728b)
Start importing Assets/FBX/Stadium/Materials/Color_D06.mat using Guid(7edcd75e2b4dc1d43af5377f4dec6cd5) Importer(815301076,1909f56bfc062723c751e8b465ee728b)  -> (artifact id: 'a4571810384c98e86d75a9a2f8772b1e') in 0.015641 seconds
  Import took 0.018961 seconds .

========================================================================
Received Import Request.
  Time since last request: 0.000213 seconds.
  path: Assets/FBX/Stadium/Materials/material.mat
  artifactKey: Guid(ae85f3db585c847468b42a932f18f7eb) Importer(815301076,1909f56bfc062723c751e8b465ee728b)
Start importing Assets/FBX/Stadium/Materials/material.mat using Guid(ae85f3db585c847468b42a932f18f7eb) Importer(815301076,1909f56bfc062723c751e8b465ee728b)  -> (artifact id: '000a4b633d8a31580e188eef657ca827') in 0.017688 seconds
  Import took 0.020885 seconds .

========================================================================
Received Import Request.
  Time since last request: 0.000236 seconds.
  path: Assets/FBX/Stadium/Materials/material_0.mat
  artifactKey: Guid(51dc0d5af222bde43942da0af4f696a2) Importer(815301076,1909f56bfc062723c751e8b465ee728b)
Start importing Assets/FBX/Stadium/Materials/material_0.mat using Guid(51dc0d5af222bde43942da0af4f696a2) Importer(815301076,1909f56bfc062723c751e8b465ee728b)  -> (artifact id: 'bcec7c6d1842aae09801ba6691d70790') in 0.024205 seconds
  Import took 0.027479 seconds .

========================================================================
Received Import Request.
  Time since last request: 235.981028 seconds.
  path: Assets/FBX/Stadium/model (1).fbx
  artifactKey: Guid(fca847a35fc69514e97077eb877e3839) Importer(815301076,1909f56bfc062723c751e8b465ee728b)
Start importing Assets/FBX/Stadium/model (1).fbx using Guid(fca847a35fc69514e97077eb877e3839) Importer(815301076,1909f56bfc062723c751e8b465ee728b)  -> (artifact id: '322310cfaceb6c40d5b117f06cf342d8') in 0.072255 seconds
  Import took 0.076462 seconds .

========================================================================
Received Import Request.
  Time since last request: 31.911804 seconds.
  path: Assets/FBX/Stadium/model (1).fbx
  artifactKey: Guid(fca847a35fc69514e97077eb877e3839) Importer(815301076,1909f56bfc062723c751e8b465ee728b)
Start importing Assets/FBX/Stadium/model (1).fbx using Guid(fca847a35fc69514e97077eb877e3839) Importer(815301076,1909f56bfc062723c751e8b465ee728b)  -> (artifact id: 'a87a772ac054169cc1fe6af7d4566ed8') in 0.063519 seconds
  Import took 0.066499 seconds .

========================================================================
Received Import Request.
  Time since last request: 0.000917 seconds.
  path: Assets/FBX/Stadium/model (1).fbx
  artifactKey: Guid(fca847a35fc69514e97077eb877e3839) Importer(815301076,1909f56bfc062723c751e8b465ee728b)
Start importing Assets/FBX/Stadium/model (1).fbx using Guid(fca847a35fc69514e97077eb877e3839) Importer(815301076,1909f56bfc062723c751e8b465ee728b)  -> (artifact id: 'a87a772ac054169cc1fe6af7d4566ed8') in 0.065348 seconds
  Import took 0.068891 seconds .

========================================================================
Received Import Request.
  Time since last request: 54.999687 seconds.
  path: Assets/FBX/Stadium/Component_6.mesh
  artifactKey: Guid(550d83bd8af6dcc4aa7f08d8688ad05c) Importer(815301076,1909f56bfc062723c751e8b465ee728b)
Start importing Assets/FBX/Stadium/Component_6.mesh using Guid(550d83bd8af6dcc4aa7f08d8688ad05c) Importer(815301076,1909f56bfc062723c751e8b465ee728b)  -> (artifact id: 'd23b7a2c83140e92eb2c68193a34eaea') in 0.026480 seconds
  Import took 0.030328 seconds .

========================================================================
Received Import Request.
  Time since last request: 576.722325 seconds.
  path: Assets/FBX/Stadium/sports stadium.fbx
  artifactKey: Guid(16ab257db89bdd844ba343ef8595ab93) Importer(815301076,1909f56bfc062723c751e8b465ee728b)
Start importing Assets/FBX/Stadium/sports stadium.fbx using Guid(16ab257db89bdd844ba343ef8595ab93) Importer(815301076,1909f56bfc062723c751e8b465ee728b)  -> (artifact id: 'ae6eaab27a54b6a9f89b63313bbaacb4') in 1.317708 seconds
  Import took 1.322893 seconds .

========================================================================
Received Import Request.
  Time since last request: 10.560074 seconds.
  path: Assets/FBX/Stadium/sports stadium.fbx
  artifactKey: Guid(16ab257db89bdd844ba343ef8595ab93) Importer(815301076,1909f56bfc062723c751e8b465ee728b)
Start importing Assets/FBX/Stadium/sports stadium.fbx using Guid(16ab257db89bdd844ba343ef8595ab93) Importer(815301076,1909f56bfc062723c751e8b465ee728b)  -> (artifact id: 'c22550cafc7b5ba15e7c847aa21fd2fd') in 1.175341 seconds
  Import took 1.179989 seconds .

========================================================================
Received Import Request.
  Time since last request: 0.865947 seconds.
  path: Assets/FBX/Stadium/Materials/Grass feild.mat
  artifactKey: Guid(c710d2d29cff15c4c825d6c96a084a9e) Importer(815301076,1909f56bfc062723c751e8b465ee728b)
Start importing Assets/FBX/Stadium/Materials/Grass feild.mat using Guid(c710d2d29cff15c4c825d6c96a084a9e) Importer(815301076,1909f56bfc062723c751e8b465ee728b)  -> (artifact id: '4522798b5a01389892ef05fab56707ec') in 0.018718 seconds
  Import took 0.022348 seconds .

========================================================================
Received Import Request.
  Time since last request: 0.000320 seconds.
  path: Assets/FBX/Stadium/Materials/Wall.mat
  artifactKey: Guid(d3dd9c6a112a44a498d28be886e36412) Importer(815301076,1909f56bfc062723c751e8b465ee728b)
Start importing Assets/FBX/Stadium/Materials/Wall.mat using Guid(d3dd9c6a112a44a498d28be886e36412) Importer(815301076,1909f56bfc062723c751e8b465ee728b)  -> (artifact id: '5bf8bccf417472aa258c142e88d15feb') in 0.019143 seconds
  Import took 0.022449 seconds .

========================================================================
Received Import Request.
  Time since last request: 0.000361 seconds.
  path: Assets/FBX/Stadium/Materials/Roof Color.mat
  artifactKey: Guid(801a30727fa806b4ebe54bb87756b29e) Importer(815301076,1909f56bfc062723c751e8b465ee728b)
Start importing Assets/FBX/Stadium/Materials/Roof Color.mat using Guid(801a30727fa806b4ebe54bb87756b29e) Importer(815301076,1909f56bfc062723c751e8b465ee728b)  -> (artifact id: '198c07f72ff5493dd3bad328a4fc8408') in 0.022210 seconds
  Import took 0.025839 seconds .

========================================================================
Received Import Request.
  Time since last request: 0.000260 seconds.
  path: Assets/FBX/Stadium/Materials/Guard Color.mat
  artifactKey: Guid(fd445a51460fc1549b032d385df0bea9) Importer(815301076,1909f56bfc062723c751e8b465ee728b)
Start importing Assets/FBX/Stadium/Materials/Guard Color.mat using Guid(fd445a51460fc1549b032d385df0bea9) Importer(815301076,1909f56bfc062723c751e8b465ee728b)  -> (artifact id: 'e40fa2ce1cb438762f1a4604cce62884') in 0.021898 seconds
  Import took 0.024483 seconds .

========================================================================
Received Import Request.
  Time since last request: 0.000267 seconds.
  path: Assets/FBX/Stadium/Materials/House Glass Color.mat
  artifactKey: Guid(582b87cbe6154d24197d4ec0e370579f) Importer(815301076,1909f56bfc062723c751e8b465ee728b)
Start importing Assets/FBX/Stadium/Materials/House Glass Color.mat using Guid(582b87cbe6154d24197d4ec0e370579f) Importer(815301076,1909f56bfc062723c751e8b465ee728b)  -> (artifact id: 'c604cc4cf6294e4f739ae4993538187c') in 0.019246 seconds
  Import took 0.023029 seconds .

========================================================================
Received Import Request.
  Time since last request: 0.000497 seconds.
  path: Assets/FBX/Stadium/Materials/House Color.mat
  artifactKey: Guid(7df95da2dcfa70846aa51d264e0313cb) Importer(815301076,1909f56bfc062723c751e8b465ee728b)
Start importing Assets/FBX/Stadium/Materials/House Color.mat using Guid(7df95da2dcfa70846aa51d264e0313cb) Importer(815301076,1909f56bfc062723c751e8b465ee728b)  -> (artifact id: '035d82cd6dfe2094ce6f06834e43dd0e') in 0.022930 seconds
  Import took 0.025647 seconds .

========================================================================
Received Import Request.
  Time since last request: 0.000243 seconds.
  path: Assets/FBX/Stadium/Materials/stediam Color.mat
  artifactKey: Guid(b0dfa2431e01b4a449f822b8fa7cae55) Importer(815301076,1909f56bfc062723c751e8b465ee728b)
Start importing Assets/FBX/Stadium/Materials/stediam Color.mat using Guid(b0dfa2431e01b4a449f822b8fa7cae55) Importer(815301076,1909f56bfc062723c751e8b465ee728b)  -> (artifact id: '3474d898cd7adf0b44710160a4091ec3') in 0.025110 seconds
  Import took 0.029009 seconds .

========================================================================
Received Import Request.
  Time since last request: 0.000090 seconds.
  path: Assets/FBX/Stadium/Materials/No Name.mat
  artifactKey: Guid(afeb13decbb036a4cb3d67713eaede16) Importer(815301076,1909f56bfc062723c751e8b465ee728b)
Start importing Assets/FBX/Stadium/Materials/No Name.mat using Guid(afeb13decbb036a4cb3d67713eaede16) Importer(815301076,1909f56bfc062723c751e8b465ee728b)  -> (artifact id: 'bc54bea5b91c91b0dea0e3c8b79ede57') in 0.027485 seconds
  Import took 0.033266 seconds .

========================================================================
Received Import Request.
  Time since last request: 189.700119 seconds.
  path: Assets/FBX/Stadium/textures
  artifactKey: Guid(4ea76c2c5792f1941bb1637fcc6e8484) Importer(815301076,1909f56bfc062723c751e8b465ee728b)
Start importing Assets/FBX/Stadium/textures using Guid(4ea76c2c5792f1941bb1637fcc6e8484) Importer(815301076,1909f56bfc062723c751e8b465ee728b)  -> (artifact id: '2bee9bb1a066d03a0f33103164354b43') in 0.013894 seconds
  Import took 0.018360 seconds .

========================================================================
Received Import Request.
  Time since last request: 32.079390 seconds.
  path: Assets/FBX/Stadium/textures/__Concrete_Form_4x8_1.jpg
  artifactKey: Guid(1b33309bd7579f442aaec57ad3cb1e0b) Importer(815301076,1909f56bfc062723c751e8b465ee728b)
Start importing Assets/FBX/Stadium/textures/__Concrete_Form_4x8_1.jpg using Guid(1b33309bd7579f442aaec57ad3cb1e0b) Importer(815301076,1909f56bfc062723c751e8b465ee728b)  -> (artifact id: '24c0ba72b721229d26b1242a6c9dd20c') in 0.034882 seconds
  Import took 0.037183 seconds .

========================================================================
Received Import Request.
  Time since last request: 0.000319 seconds.
  path: Assets/FBX/Stadium/textures/__Tile_Limestone_Multi_1.jpg
  artifactKey: Guid(6a8858dc449832f40a5920b144f311e1) Importer(815301076,1909f56bfc062723c751e8b465ee728b)
Start importing Assets/FBX/Stadium/textures/__Tile_Limestone_Multi_1.jpg using Guid(6a8858dc449832f40a5920b144f311e1) Importer(815301076,1909f56bfc062723c751e8b465ee728b)  -> (artifact id: '601c69e21f875e860ef4d5d702e76d0b') in 0.017874 seconds
  Import took 0.020849 seconds .

========================================================================
Received Import Request.
  Time since last request: 0.000280 seconds.
  path: Assets/FBX/Stadium/textures/Concrete_Form_4x8.jpg
  artifactKey: Guid(108aafd08eb9abd4aae7eac399abfad1) Importer(815301076,1909f56bfc062723c751e8b465ee728b)
Start importing Assets/FBX/Stadium/textures/Concrete_Form_4x8.jpg using Guid(108aafd08eb9abd4aae7eac399abfad1) Importer(815301076,1909f56bfc062723c751e8b465ee728b)  -> (artifact id: 'b2deb91960874305dc823e3cd2e9a4b8') in 0.014523 seconds
  Import took 0.017340 seconds .

========================================================================
Received Import Request.
  Time since last request: 0.000214 seconds.
  path: Assets/FBX/Stadium/textures/orange_seats3.jpg
  artifactKey: Guid(3fa01e08216148046aafe95c935e642d) Importer(815301076,1909f56bfc062723c751e8b465ee728b)
Start importing Assets/FBX/Stadium/textures/orange_seats3.jpg using Guid(3fa01e08216148046aafe95c935e642d) Importer(815301076,1909f56bfc062723c751e8b465ee728b)  -> (artifact id: '30b4cc4ad53a98232b23721ac137377e') in 0.021596 seconds
  Import took 0.024649 seconds .

========================================================================
Received Import Request.
  Time since last request: 0.000085 seconds.
  path: Assets/FBX/Stadium/textures/Ferozshahkotla029.jpg
  artifactKey: Guid(7f5ff72c9b048b04590203fef5151466) Importer(815301076,1909f56bfc062723c751e8b465ee728b)
Start importing Assets/FBX/Stadium/textures/Ferozshahkotla029.jpg using Guid(7f5ff72c9b048b04590203fef5151466) Importer(815301076,1909f56bfc062723c751e8b465ee728b)  -> (artifact id: '996e3825cf2a2a05a9d779235ebb7cc0') in 0.020258 seconds
  Import took 0.023492 seconds .

========================================================================
Received Import Request.
  Time since last request: 0.000092 seconds.
  path: Assets/FBX/Stadium/textures/Vegetation_Grass1.jpg
  artifactKey: Guid(8ad27626afa28bb4a83ca259f457c8e5) Importer(815301076,1909f56bfc062723c751e8b465ee728b)
Start importing Assets/FBX/Stadium/textures/Vegetation_Grass1.jpg using Guid(8ad27626afa28bb4a83ca259f457c8e5) Importer(815301076,1909f56bfc062723c751e8b465ee728b)  -> (artifact id: 'b6e36a373f6ec04ce44de2a9ac250062') in 0.020588 seconds
  Import took 0.023840 seconds .

========================================================================
Received Import Request.
  Time since last request: 0.000301 seconds.
  path: Assets/FBX/Stadium/textures/Blinds_Roman_Hobbled_Blue.jpg
  artifactKey: Guid(4c3edc18ac74a824c9513535673a3c2d) Importer(815301076,1909f56bfc062723c751e8b465ee728b)
Start importing Assets/FBX/Stadium/textures/Blinds_Roman_Hobbled_Blue.jpg using Guid(4c3edc18ac74a824c9513535673a3c2d) Importer(815301076,1909f56bfc062723c751e8b465ee728b)  -> (artifact id: '96e73b1a261a500310db50f101b29a56') in 0.017619 seconds
  Import took 0.021336 seconds .

========================================================================
Received Import Request.
  Time since last request: 0.000254 seconds.
  path: Assets/FBX/Stadium/textures/__Metal_Aluminum_Anodized_1.jpg
  artifactKey: Guid(a90fe7067593ff643bd4cbb28f9761f7) Importer(815301076,1909f56bfc062723c751e8b465ee728b)
Start importing Assets/FBX/Stadium/textures/__Metal_Aluminum_Anodized_1.jpg using Guid(a90fe7067593ff643bd4cbb28f9761f7) Importer(815301076,1909f56bfc062723c751e8b465ee728b)  -> (artifact id: 'eb440b379baa6d6a1ff9fc9564956067') in 0.016260 seconds
  Import took 0.020160 seconds .

========================================================================
Received Import Request.
  Time since last request: 0.000223 seconds.
  path: Assets/FBX/Stadium/textures/__Vegetation_Bark_Maple_1.jpg
  artifactKey: Guid(8873265e0b3588244b8274b455aee832) Importer(815301076,1909f56bfc062723c751e8b465ee728b)
Start importing Assets/FBX/Stadium/textures/__Vegetation_Bark_Maple_1.jpg using Guid(8873265e0b3588244b8274b455aee832) Importer(815301076,1909f56bfc062723c751e8b465ee728b)  -> (artifact id: 'e03ce04c9f33bb8d62be5089a86aed3c') in 0.017389 seconds
  Import took 0.020669 seconds .

========================================================================
Received Import Request.
  Time since last request: 0.000275 seconds.
  path: Assets/FBX/Stadium/textures/__Metal_Steel_Textured_1.jpg
  artifactKey: Guid(e86b33f1cb2c10847b080f20f562099f) Importer(815301076,1909f56bfc062723c751e8b465ee728b)
Start importing Assets/FBX/Stadium/textures/__Metal_Steel_Textured_1.jpg using Guid(e86b33f1cb2c10847b080f20f562099f) Importer(815301076,1909f56bfc062723c751e8b465ee728b)  -> (artifact id: '0fd9aa7d9c385adfa3fb1e29704bbd46') in 0.020501 seconds
  Import took 0.024067 seconds .

========================================================================
Received Import Request.
  Time since last request: 0.000260 seconds.
  path: Assets/FBX/Stadium/textures/__Translucent_Glass_Gold_2.jpg
  artifactKey: Guid(0c2f9f46acd317043ba58c046599a351) Importer(815301076,1909f56bfc062723c751e8b465ee728b)
Start importing Assets/FBX/Stadium/textures/__Translucent_Glass_Gold_2.jpg using Guid(0c2f9f46acd317043ba58c046599a351) Importer(815301076,1909f56bfc062723c751e8b465ee728b)  -> (artifact id: '860bcb4b5ae1c03f07c43e7409273b08') in 0.020360 seconds
  Import took 0.025432 seconds .

========================================================================
Received Import Request.
  Time since last request: 0.000363 seconds.
  path: Assets/FBX/Stadium/textures/Metal_Panel.jpg
  artifactKey: Guid(1251f525fcfaf40448db093dc3c8b406) Importer(815301076,1909f56bfc062723c751e8b465ee728b)
Start importing Assets/FBX/Stadium/textures/Metal_Panel.jpg using Guid(1251f525fcfaf40448db093dc3c8b406) Importer(815301076,1909f56bfc062723c751e8b465ee728b)  -> (artifact id: '2d1712fdeeb1f98fc25835b176e8a86b') in 0.017120 seconds
  Import took 0.020122 seconds .

========================================================================
Received Import Request.
  Time since last request: 0.000255 seconds.
  path: Assets/FBX/Stadium/textures/Fencing_Metal_Straight.png
  artifactKey: Guid(a3eceeb2afdb0e243afc30d986a2e215) Importer(815301076,1909f56bfc062723c751e8b465ee728b)
Start importing Assets/FBX/Stadium/textures/Fencing_Metal_Straight.png using Guid(a3eceeb2afdb0e243afc30d986a2e215) Importer(815301076,1909f56bfc062723c751e8b465ee728b)  -> (artifact id: '405fdbd27ef528109355cadd607759fc') in 0.027166 seconds
  Import took 0.030566 seconds .

========================================================================
Received Import Request.
  Time since last request: 0.000286 seconds.
  path: Assets/FBX/Stadium/textures/Translucent_Glass_Tinted.jpg
  artifactKey: Guid(1376ca10726e92e4e8c04df334934900) Importer(815301076,1909f56bfc062723c751e8b465ee728b)
Start importing Assets/FBX/Stadium/textures/Translucent_Glass_Tinted.jpg using Guid(1376ca10726e92e4e8c04df334934900) Importer(815301076,1909f56bfc062723c751e8b465ee728b)  -> (artifact id: 'a892d366ad0e3c10cdbef365d0d9c7cd') in 0.015614 seconds
  Import took 0.018337 seconds .

========================================================================
Received Import Request.
  Time since last request: 0.000177 seconds.
  path: Assets/FBX/Stadium/textures/Asphalt_New.jpg
  artifactKey: Guid(5373085d6ff207b4099c72d8c5b01328) Importer(815301076,1909f56bfc062723c751e8b465ee728b)
Start importing Assets/FBX/Stadium/textures/Asphalt_New.jpg using Guid(5373085d6ff207b4099c72d8c5b01328) Importer(815301076,1909f56bfc062723c751e8b465ee728b)  -> (artifact id: '59fcd467dbfe00558d67e6a6ebb6f214') in 0.023653 seconds
  Import took 0.027155 seconds .

========================================================================
Received Import Request.
  Time since last request: 13254.719147 seconds.
  path: Assets/FBX/Stadium/textures/TexturesCom_Grass0202_1_seamless_S.jpg
  artifactKey: Guid(effe205a87e931e4ba14236ee2a53415) Importer(815301076,1909f56bfc062723c751e8b465ee728b)
Start importing Assets/FBX/Stadium/textures/TexturesCom_Grass0202_1_seamless_S.jpg using Guid(effe205a87e931e4ba14236ee2a53415) Importer(815301076,1909f56bfc062723c751e8b465ee728b)  -> (artifact id: 'dc7bda9c1555ed3cc27ff539b6567875') in 0.048527 seconds
  Import took 0.053336 seconds .

========================================================================
Received Import Request.
  Time since last request: 55.141573 seconds.
  path: Assets/FBX/Stadium/textures/TexturesCom_Grass0052_1_seamless_S.jpg
  artifactKey: Guid(35692f40c60732e48b9d9c0b137620ed) Importer(815301076,1909f56bfc062723c751e8b465ee728b)
Start importing Assets/FBX/Stadium/textures/TexturesCom_Grass0052_1_seamless_S.jpg using Guid(35692f40c60732e48b9d9c0b137620ed) Importer(815301076,1909f56bfc062723c751e8b465ee728b)  -> (artifact id: 'f46cba1f71dbff8a1d2bb3b018d739b4') in 0.027665 seconds
  Import took 0.031187 seconds .

========================================================================
Received Import Request.
  Time since last request: 1125.421476 seconds.
  path: Assets/FBX/pitch.fbx
  artifactKey: Guid(8ff09adf532ca504ca784a19e5b200f3) Importer(815301076,1909f56bfc062723c751e8b465ee728b)
Start importing Assets/FBX/pitch.fbx using Guid(8ff09adf532ca504ca784a19e5b200f3) Importer(815301076,1909f56bfc062723c751e8b465ee728b)  -> (artifact id: 'e60fd0dde0c6601873605447c68274ae') in 0.056297 seconds
  Import took 0.060697 seconds .

========================================================================
Received Import Request.
  Time since last request: 73.504105 seconds.
  path: Assets/FBX/pitch.fbx
  artifactKey: Guid(8ff09adf532ca504ca784a19e5b200f3) Importer(815301076,1909f56bfc062723c751e8b465ee728b)
Start importing Assets/FBX/pitch.fbx using Guid(8ff09adf532ca504ca784a19e5b200f3) Importer(815301076,1909f56bfc062723c751e8b465ee728b)  -> (artifact id: '5b0ac79d9307ee6bde60476ae4ab9e81') in 0.151572 seconds
  Import took 0.157295 seconds .

========================================================================
Received Import Request.
  Time since last request: 10.463187 seconds.
  path: Assets/FBX/pitch.fbx
  artifactKey: Guid(8ff09adf532ca504ca784a19e5b200f3) Importer(815301076,1909f56bfc062723c751e8b465ee728b)
Start importing Assets/FBX/pitch.fbx using Guid(8ff09adf532ca504ca784a19e5b200f3) Importer(815301076,1909f56bfc062723c751e8b465ee728b)  -> (artifact id: '6ee10b05c5a427a319a78c4821600576') in 0.118334 seconds
  Import took 0.123695 seconds .

========================================================================
Received Import Request.
  Time since last request: 1.756195 seconds.
  path: Assets/FBX/Materials
  artifactKey: Guid(04c91d1903f53e542a6e2492f16c4554) Importer(815301076,1909f56bfc062723c751e8b465ee728b)
Start importing Assets/FBX/Materials using Guid(04c91d1903f53e542a6e2492f16c4554) Importer(815301076,1909f56bfc062723c751e8b465ee728b)  -> (artifact id: 'cb3921f4199a7f5499ba5e56bc75edd5') in 0.009870 seconds
  Import took 0.013611 seconds .

========================================================================
Received Import Request.
  Time since last request: 0.052521 seconds.
  path: Assets/FBX/Materials/Material.001.mat
  artifactKey: Guid(7b69e04bf89dcae46bf14208d3ceeb42) Importer(815301076,1909f56bfc062723c751e8b465ee728b)
Start importing Assets/FBX/Materials/Material.001.mat using Guid(7b69e04bf89dcae46bf14208d3ceeb42) Importer(815301076,1909f56bfc062723c751e8b465ee728b)  -> (artifact id: '5affc729e2060d400918b3efbcccc169') in 0.015689 seconds
  Import took 0.018395 seconds .

========================================================================
Received Import Request.
  Time since last request: 0.000374 seconds.
  path: Assets/FBX/Materials/No Name.mat
  artifactKey: Guid(8182b1559adf943409b274e12321ba0f) Importer(815301076,1909f56bfc062723c751e8b465ee728b)
Start importing Assets/FBX/Materials/No Name.mat using Guid(8182b1559adf943409b274e12321ba0f) Importer(815301076,1909f56bfc062723c751e8b465ee728b)  -> (artifact id: '836b65b68e8e56d00fe4600cae5f6a0a') in 0.010782 seconds
  Import took 0.014602 seconds .

========================================================================
Received Import Request.
  Time since last request: 0.000242 seconds.
  path: Assets/FBX/Materials/Material.003.mat
  artifactKey: Guid(9db88271c27af8f48a6b557569c1e1e6) Importer(815301076,1909f56bfc062723c751e8b465ee728b)
Start importing Assets/FBX/Materials/Material.003.mat using Guid(9db88271c27af8f48a6b557569c1e1e6) Importer(815301076,1909f56bfc062723c751e8b465ee728b)  -> (artifact id: 'd920883c4fcca0768b56e1c73720b972') in 0.019620 seconds
  Import took 0.022769 seconds .

========================================================================
Received Import Request.
  Time since last request: 48.487894 seconds.
  path: Assets/FBX/Stadium/Materials/post.mat
  artifactKey: Guid(afeb13decbb036a4cb3d67713eaede16) Importer(815301076,1909f56bfc062723c751e8b465ee728b)
Start importing Assets/FBX/Stadium/Materials/post.mat using Guid(afeb13decbb036a4cb3d67713eaede16) Importer(815301076,1909f56bfc062723c751e8b465ee728b)  -> (artifact id: 'fc43d4285dc063a71fa0ca51ea8429b7') in 0.025045 seconds
  Import took 0.027934 seconds .

========================================================================
Received Import Request.
  Time since last request: 0.000356 seconds.
  path: Assets/FBX/Stadium/Materials/Roof Color.mat
  artifactKey: Guid(801a30727fa806b4ebe54bb87756b29e) Importer(815301076,1909f56bfc062723c751e8b465ee728b)
Start importing Assets/FBX/Stadium/Materials/Roof Color.mat using Guid(801a30727fa806b4ebe54bb87756b29e) Importer(815301076,1909f56bfc062723c751e8b465ee728b)  -> (artifact id: '4eaafa2ee6e2766da2b35afae14eb359') in 0.029401 seconds
  Import took 0.031870 seconds .

========================================================================
Received Import Request.
  Time since last request: 2243.795229 seconds.
  path: Assets/FBX/Pitch
  artifactKey: Guid(e5b9101e58f8e904e9449ef4a99ba592) Importer(815301076,1909f56bfc062723c751e8b465ee728b)
Start importing Assets/FBX/Pitch using Guid(e5b9101e58f8e904e9449ef4a99ba592) Importer(815301076,1909f56bfc062723c751e8b465ee728b)  -> (artifact id: 'b4ca8d5e13e9cb0ef2df0b3f09117491') in 0.012027 seconds
  Import took 0.034185 seconds .

========================================================================
Received Import Request.
  Time since last request: 11.388468 seconds.
  path: Assets/FBX/Pitch/pitch.fbx
  artifactKey: Guid(dc32562ec6d1577428fb1ca5a1882a59) Importer(815301076,1909f56bfc062723c751e8b465ee728b)
Start importing Assets/FBX/Pitch/pitch.fbx using Guid(dc32562ec6d1577428fb1ca5a1882a59) Importer(815301076,1909f56bfc062723c751e8b465ee728b)  -> (artifact id: 'd88e75cb145d59479faaf3d984845725') in 0.464993 seconds
  Import took 0.470864 seconds .

========================================================================
Received Import Request.
  Time since last request: 8.730481 seconds.
  path: Assets/FBX/Pitch/pitch.fbx
  artifactKey: Guid(dc32562ec6d1577428fb1ca5a1882a59) Importer(815301076,1909f56bfc062723c751e8b465ee728b)
Start importing Assets/FBX/Pitch/pitch.fbx using Guid(dc32562ec6d1577428fb1ca5a1882a59) Importer(815301076,1909f56bfc062723c751e8b465ee728b)  -> (artifact id: 'a968adf1df5fa2db6f2c842147b21eee') in 0.245891 seconds
  Import took 0.250090 seconds .

========================================================================
Received Import Request.
  Time since last request: 24.613874 seconds.
  path: Assets/FBX/Pitch/Materials
  artifactKey: Guid(fbbf0f8e2a7be1f439a92c0236616980) Importer(815301076,1909f56bfc062723c751e8b465ee728b)
Start importing Assets/FBX/Pitch/Materials using Guid(fbbf0f8e2a7be1f439a92c0236616980) Importer(815301076,1909f56bfc062723c751e8b465ee728b)  -> (artifact id: 'f6d4397afdc3483d7d534b20c3f65e35') in 0.002728 seconds
  Import took 0.006218 seconds .

========================================================================
Received Import Request.
  Time since last request: 0.075748 seconds.
  path: Assets/FBX/Pitch/Materials/stump-logo.mat
  artifactKey: Guid(26401eb42ec17ef4abcc09c9e15a9ea0) Importer(815301076,1909f56bfc062723c751e8b465ee728b)
Start importing Assets/FBX/Pitch/Materials/stump-logo.mat using Guid(26401eb42ec17ef4abcc09c9e15a9ea0) Importer(815301076,1909f56bfc062723c751e8b465ee728b)  -> (artifact id: '66e252560592e9dea3c1a527f2664cdf') in 0.019036 seconds
  Import took 0.022879 seconds .

========================================================================
Received Import Request.
  Time since last request: 0.000399 seconds.
  path: Assets/FBX/Pitch/Materials/stumps.mat
  artifactKey: Guid(737d8f18be5478f42947b327bf61a630) Importer(815301076,1909f56bfc062723c751e8b465ee728b)
Start importing Assets/FBX/Pitch/Materials/stumps.mat using Guid(737d8f18be5478f42947b327bf61a630) Importer(815301076,1909f56bfc062723c751e8b465ee728b)  -> (artifact id: '8c81e196c9c7469f7b769ee58c285643') in 0.024341 seconds
  Import took 0.027921 seconds .

========================================================================
Received Import Request.
  Time since last request: 0.000238 seconds.
  path: Assets/FBX/Pitch/Materials/TexturesCom_Grass0052_1_seamless_S.mat
  artifactKey: Guid(4d6a582f29c440845938d7b1827ccad4) Importer(815301076,1909f56bfc062723c751e8b465ee728b)
Start importing Assets/FBX/Pitch/Materials/TexturesCom_Grass0052_1_seamless_S.mat using Guid(4d6a582f29c440845938d7b1827ccad4) Importer(815301076,1909f56bfc062723c751e8b465ee728b)  -> (artifact id: '609392905b24b1a43e9e5930e23b039e') in 0.024178 seconds
  Import took 0.028213 seconds .

========================================================================
Received Import Request.
  Time since last request: 0.000262 seconds.
  path: Assets/FBX/Pitch/Materials/TexturesCom_Ground_ClayCracked_1x1_512_albedo.mat
  artifactKey: Guid(173a912d3d7e1f144b157c8a224085cd) Importer(815301076,1909f56bfc062723c751e8b465ee728b)
Start importing Assets/FBX/Pitch/Materials/TexturesCom_Ground_ClayCracked_1x1_512_albedo.mat using Guid(173a912d3d7e1f144b157c8a224085cd) Importer(815301076,1909f56bfc062723c751e8b465ee728b)  -> (artifact id: '30bf730b318e50526cc6f44e7b6321b0') in 0.022162 seconds
  Import took 0.025472 seconds .

========================================================================
Received Import Request.
  Time since last request: 300.984174 seconds.
  path: Assets/FBX/Pitch/Materials/TexturesCom_Ground_ClayCracked_1x1_512_albedo.tif
  artifactKey: Guid(d03acf6eb008a0e4ba96363d96d3dbc8) Importer(815301076,1909f56bfc062723c751e8b465ee728b)
Start importing Assets/FBX/Pitch/Materials/TexturesCom_Ground_ClayCracked_1x1_512_albedo.tif using Guid(d03acf6eb008a0e4ba96363d96d3dbc8) Importer(815301076,1909f56bfc062723c751e8b465ee728b)  -> (artifact id: 'a31c524972ace63a7568f77db8edf867') in 0.035574 seconds
  Import took 0.039701 seconds .

========================================================================
Received Import Request.
  Time since last request: 0.000314 seconds.
  path: Assets/FBX/Pitch/Materials/TexturesCom_Ground_ClayCracked_1x1_512_normal.tif
  artifactKey: Guid(eb4b79e913b906a4db13bc98f0135a4e) Importer(815301076,1909f56bfc062723c751e8b465ee728b)
Start importing Assets/FBX/Pitch/Materials/TexturesCom_Ground_ClayCracked_1x1_512_normal.tif using Guid(eb4b79e913b906a4db13bc98f0135a4e) Importer(815301076,1909f56bfc062723c751e8b465ee728b)  -> (artifact id: '7d7340e62ffc69afe9aa0fc6e329f980') in 0.022724 seconds
  Import took 0.026831 seconds .

========================================================================
Received Import Request.
  Time since last request: 277.896281 seconds.
  path: Assets/FBX/Pitch/Materials/TexturesCom_Grass0052_1_seamless_S.mat
  artifactKey: Guid(4d6a582f29c440845938d7b1827ccad4) Importer(815301076,1909f56bfc062723c751e8b465ee728b)
Start importing Assets/FBX/Pitch/Materials/TexturesCom_Grass0052_1_seamless_S.mat using Guid(4d6a582f29c440845938d7b1827ccad4) Importer(815301076,1909f56bfc062723c751e8b465ee728b)  -> (artifact id: '02d58f13de5ffeaec38d051334319767') in 0.024322 seconds
  Import took 0.027328 seconds .

========================================================================
Received Import Request.
  Time since last request: 0.000242 seconds.
  path: Assets/FBX/Pitch/Materials/TexturesCom_Ground_ClayCracked_1x1_512_albedo.mat
  artifactKey: Guid(173a912d3d7e1f144b157c8a224085cd) Importer(815301076,1909f56bfc062723c751e8b465ee728b)
Start importing Assets/FBX/Pitch/Materials/TexturesCom_Ground_ClayCracked_1x1_512_albedo.mat using Guid(173a912d3d7e1f144b157c8a224085cd) Importer(815301076,1909f56bfc062723c751e8b465ee728b)  -> (artifact id: '92d9e2706d5e615acb6f4272bb9d8607') in 0.017907 seconds
  Import took 0.021637 seconds .

========================================================================
Received Import Request.
  Time since last request: 1.582477 seconds.
  path: Assets/FBX/Pitch/Materials/TexturesCom_Ground_ClayCracked_1x1_512_normal.tif
  artifactKey: Guid(eb4b79e913b906a4db13bc98f0135a4e) Importer(815301076,1909f56bfc062723c751e8b465ee728b)
Start importing Assets/FBX/Pitch/Materials/TexturesCom_Ground_ClayCracked_1x1_512_normal.tif using Guid(eb4b79e913b906a4db13bc98f0135a4e) Importer(815301076,1909f56bfc062723c751e8b465ee728b)  -> (artifact id: '1693542df15b9e97a5af291f235bf790') in 0.055842 seconds
  Import took 0.059522 seconds .

========================================================================
Received Import Request.
  Time since last request: 434.841438 seconds.
  path: Assets/FBX/Pitch/Materials/TexturesCom_Ground_ClayCracked_1x1_512_albedo 1.tif
  artifactKey: Guid(b9ae870d99a7a824a8e6807dc6c37eae) Importer(815301076,1909f56bfc062723c751e8b465ee728b)
Start importing Assets/FBX/Pitch/Materials/TexturesCom_Ground_ClayCracked_1x1_512_albedo 1.tif using Guid(b9ae870d99a7a824a8e6807dc6c37eae) Importer(815301076,1909f56bfc062723c751e8b465ee728b)  -> (artifact id: '0b02538335f9ffdae9e8ae5050e05dce') in 0.030141 seconds
  Import took 0.036700 seconds .

========================================================================
Received Import Request.
  Time since last request: 0.000361 seconds.
  path: Assets/FBX/Pitch/Materials/TexturesCom_Ground_ClayCracked_1x1_512_normal 1.tif
  artifactKey: Guid(76b658558b690cb4f8c7056c7bafffcc) Importer(815301076,1909f56bfc062723c751e8b465ee728b)
Start importing Assets/FBX/Pitch/Materials/TexturesCom_Ground_ClayCracked_1x1_512_normal 1.tif using Guid(76b658558b690cb4f8c7056c7bafffcc) Importer(815301076,1909f56bfc062723c751e8b465ee728b)  -> (artifact id: '44b647d7e20eae96da7397a033f76736') in 0.021740 seconds
  Import took 0.024676 seconds .

========================================================================
Received Import Request.
  Time since last request: 67.840260 seconds.
  path: Assets/FBX/Pitch/Materials/TexturesCom_Ground_MudCracked2_2x2_1K_albedo.tif
  artifactKey: Guid(22fcdc1e54251484fb850e726dd3951a) Importer(815301076,1909f56bfc062723c751e8b465ee728b)
Start importing Assets/FBX/Pitch/Materials/TexturesCom_Ground_MudCracked2_2x2_1K_albedo.tif using Guid(22fcdc1e54251484fb850e726dd3951a) Importer(815301076,1909f56bfc062723c751e8b465ee728b)  -> (artifact id: 'f87dd58d05ee19b3d05bdfbffb759ff3') in 0.027335 seconds
  Import took 0.031978 seconds .

========================================================================
Received Import Request.
  Time since last request: 0.000279 seconds.
  path: Assets/FBX/Pitch/Materials/TexturesCom_Ground_MudCracked2_2x2_1K_normal.tif
  artifactKey: Guid(9e1a615d13ec20b4d925c8c7a5696dfe) Importer(815301076,1909f56bfc062723c751e8b465ee728b)
Start importing Assets/FBX/Pitch/Materials/TexturesCom_Ground_MudCracked2_2x2_1K_normal.tif using Guid(9e1a615d13ec20b4d925c8c7a5696dfe) Importer(815301076,1909f56bfc062723c751e8b465ee728b)  -> (artifact id: 'b014b176e1f390dbf5a3c790695c179e') in 0.074321 seconds
  Import took 0.079340 seconds .

========================================================================
Received Import Request.
  Time since last request: 0.000222 seconds.
  path: Assets/FBX/Pitch/Materials/TexturesCom_Ground_MudCracked2_2x2_1K_height.tif
  artifactKey: Guid(c678dd488db370c4c9735917a1814b2e) Importer(815301076,1909f56bfc062723c751e8b465ee728b)
Start importing Assets/FBX/Pitch/Materials/TexturesCom_Ground_MudCracked2_2x2_1K_height.tif using Guid(c678dd488db370c4c9735917a1814b2e) Importer(815301076,1909f56bfc062723c751e8b465ee728b)  -> (artifact id: 'de87f402b6e21789ca03243b79a07a8f') in 0.020583 seconds
  Import took 0.023727 seconds .

========================================================================
Received Import Request.
  Time since last request: 14.211297 seconds.
  path: Assets/FBX/Pitch/Materials/TexturesCom_Ground_MudCracked2_2x2_1K_normal.tif
  artifactKey: Guid(9e1a615d13ec20b4d925c8c7a5696dfe) Importer(815301076,1909f56bfc062723c751e8b465ee728b)
Start importing Assets/FBX/Pitch/Materials/TexturesCom_Ground_MudCracked2_2x2_1K_normal.tif using Guid(9e1a615d13ec20b4d925c8c7a5696dfe) Importer(815301076,1909f56bfc062723c751e8b465ee728b)  -> (artifact id: '5fe4fe92b1a75a073de0ac350e1de008') in 0.025947 seconds
  Import took 0.031711 seconds .

========================================================================
Received Import Request.
  Time since last request: 697.366714 seconds.
  path: Assets/FBX/Stump
  artifactKey: Guid(99fdd4cfa0ff05241aa1a8d7ebf4bca3) Importer(815301076,1909f56bfc062723c751e8b465ee728b)
Start importing Assets/FBX/Stump using Guid(99fdd4cfa0ff05241aa1a8d7ebf4bca3) Importer(815301076,1909f56bfc062723c751e8b465ee728b)  -> (artifact id: '7f1eb5915f1fbe9b4b6a81eee7180fca') in 0.009211 seconds
  Import took 0.012267 seconds .

========================================================================
Received Import Request.
  Time since last request: 8.840774 seconds.
  path: Assets/FBX/Stump/stump.fbx
  artifactKey: Guid(144676c5b1beefa49aec4563dfbf8cab) Importer(815301076,1909f56bfc062723c751e8b465ee728b)
Start importing Assets/FBX/Stump/stump.fbx using Guid(144676c5b1beefa49aec4563dfbf8cab) Importer(815301076,1909f56bfc062723c751e8b465ee728b)  -> (artifact id: '449ab3366bbec29b1993871da8ad1ff9') in 0.139014 seconds
  Import took 0.141809 seconds .

========================================================================
Received Import Request.
  Time since last request: 26.964154 seconds.
  path: Assets/FBX/Stump/stump.fbx
  artifactKey: Guid(144676c5b1beefa49aec4563dfbf8cab) Importer(815301076,1909f56bfc062723c751e8b465ee728b)
Start importing Assets/FBX/Stump/stump.fbx using Guid(144676c5b1beefa49aec4563dfbf8cab) Importer(815301076,1909f56bfc062723c751e8b465ee728b)  -> (artifact id: '2a880c49c40130b3d3e43c9da1efb9fc') in 0.045717 seconds
  Import took 0.050137 seconds .

========================================================================
Received Import Request.
  Time since last request: 0.002869 seconds.
  path: Assets/FBX/Stump/stump.fbx
  artifactKey: Guid(144676c5b1beefa49aec4563dfbf8cab) Importer(815301076,1909f56bfc062723c751e8b465ee728b)
Start importing Assets/FBX/Stump/stump.fbx using Guid(144676c5b1beefa49aec4563dfbf8cab) Importer(815301076,1909f56bfc062723c751e8b465ee728b)  -> (artifact id: '2a880c49c40130b3d3e43c9da1efb9fc') in 0.039056 seconds
  Import took 0.042925 seconds .

========================================================================
Received Import Request.
  Time since last request: 6.703432 seconds.
  path: Assets/FBX/Stump/stump.fbx
  artifactKey: Guid(144676c5b1beefa49aec4563dfbf8cab) Importer(815301076,1909f56bfc062723c751e8b465ee728b)
Start importing Assets/FBX/Stump/stump.fbx using Guid(144676c5b1beefa49aec4563dfbf8cab) Importer(815301076,1909f56bfc062723c751e8b465ee728b)  -> (artifact id: '693bfa3af5b6b2435224410c05aed370') in 0.086828 seconds
  Import took 0.089659 seconds .

========================================================================
Received Import Request.
  Time since last request: 0.005415 seconds.
  path: Assets/FBX/Stump/stump.fbx
  artifactKey: Guid(144676c5b1beefa49aec4563dfbf8cab) Importer(815301076,1909f56bfc062723c751e8b465ee728b)
Start importing Assets/FBX/Stump/stump.fbx using Guid(144676c5b1beefa49aec4563dfbf8cab) Importer(815301076,1909f56bfc062723c751e8b465ee728b)  -> (artifact id: '693bfa3af5b6b2435224410c05aed370') in 0.021044 seconds
  Import took 0.024177 seconds .

========================================================================
Received Import Request.
  Time since last request: 469.133759 seconds.
  path: Assets/FBX/11715_ball_v3_L1.obj
  artifactKey: Guid(33a3a9c6209c1d5499cd8f846c657cd2) Importer(815301076,1909f56bfc062723c751e8b465ee728b)
Start importing Assets/FBX/11715_ball_v3_L1.obj using Guid(33a3a9c6209c1d5499cd8f846c657cd2) Importer(815301076,1909f56bfc062723c751e8b465ee728b)  -> (artifact id: 'b4ab5e5689e2f318daeca817b388e3d9') in 0.161242 seconds
  Import took 0.165882 seconds .

========================================================================
Received Import Request.
  Time since last request: 7.607425 seconds.
  path: Assets/FBX/11715_ball_v3_L1.obj
  artifactKey: Guid(33a3a9c6209c1d5499cd8f846c657cd2) Importer(815301076,1909f56bfc062723c751e8b465ee728b)
Start importing Assets/FBX/11715_ball_v3_L1.obj using Guid(33a3a9c6209c1d5499cd8f846c657cd2) Importer(815301076,1909f56bfc062723c751e8b465ee728b)  -> (artifact id: '14bae42b34371dfce41edbfb20724501') in 0.053248 seconds
  Import took 0.057033 seconds .

========================================================================
Received Import Request.
  Time since last request: 16.686237 seconds.
  path: Assets/FBX/Materials/ball_bodyMat.mat
  artifactKey: Guid(078c71de377343a4e8bc5fba5aab331f) Importer(815301076,1909f56bfc062723c751e8b465ee728b)
Start importing Assets/FBX/Materials/ball_bodyMat.mat using Guid(078c71de377343a4e8bc5fba5aab331f) Importer(815301076,1909f56bfc062723c751e8b465ee728b)  -> (artifact id: 'ca54ac9f1ae5d8d5f090ef9be9da3ba6') in 0.026712 seconds
  Import took 0.032691 seconds .

========================================================================
Received Import Request.
  Time since last request: 0.000389 seconds.
  path: Assets/FBX/Materials/ball_threadMat.mat
  artifactKey: Guid(8437bac3bab979c41888064fe3908b77) Importer(815301076,1909f56bfc062723c751e8b465ee728b)
Start importing Assets/FBX/Materials/ball_threadMat.mat using Guid(8437bac3bab979c41888064fe3908b77) Importer(815301076,1909f56bfc062723c751e8b465ee728b)  -> (artifact id: '8683c7fb073940c794bd197b48a27511') in 0.021995 seconds
  Import took 0.025983 seconds .

========================================================================
Received Import Request.
  Time since last request: 16.283752 seconds.
  path: Assets/FBX/Ball
  artifactKey: Guid(102da34d2abb3334b817768518c61cb2) Importer(815301076,1909f56bfc062723c751e8b465ee728b)
Start importing Assets/FBX/Ball using Guid(102da34d2abb3334b817768518c61cb2) Importer(815301076,1909f56bfc062723c751e8b465ee728b)  -> (artifact id: '10cce9ed7eb048d63342e175ac4b1c2e') in 0.011669 seconds
  Import took 0.015550 seconds .

========================================================================
Received Import Request.
  Time since last request: 176.614715 seconds.
  path: Assets/FBX/Ball/Materials/ball_bodyMat.mat
  artifactKey: Guid(078c71de377343a4e8bc5fba5aab331f) Importer(815301076,1909f56bfc062723c751e8b465ee728b)
Start importing Assets/FBX/Ball/Materials/ball_bodyMat.mat using Guid(078c71de377343a4e8bc5fba5aab331f) Importer(815301076,1909f56bfc062723c751e8b465ee728b)  -> (artifact id: '4f581c60abcd0b8ee537226568e6eb41') in 0.043173 seconds
  Import took 0.051368 seconds .

========================================================================
Received Import Request.
  Time since last request: 809.957193 seconds.
  path: Assets/FBX/Stump/stump.fbx
  artifactKey: Guid(144676c5b1beefa49aec4563dfbf8cab) Importer(815301076,1909f56bfc062723c751e8b465ee728b)
Start importing Assets/FBX/Stump/stump.fbx using Guid(144676c5b1beefa49aec4563dfbf8cab) Importer(815301076,1909f56bfc062723c751e8b465ee728b)  -> (artifact id: '11a2fbc1cae89c14f95da380f0a00f0a') in 0.142379 seconds
  Import took 0.151530 seconds .

========================================================================
Received Import Request.
  Time since last request: 33.677754 seconds.
  path: Assets/FBX/Stump/stump.fbx
  artifactKey: Guid(144676c5b1beefa49aec4563dfbf8cab) Importer(815301076,1909f56bfc062723c751e8b465ee728b)
Start importing Assets/FBX/Stump/stump.fbx using Guid(144676c5b1beefa49aec4563dfbf8cab) Importer(815301076,1909f56bfc062723c751e8b465ee728b)  -> (artifact id: 'aa0e415a11d370e49589cf88d66bcb17') in 0.050164 seconds
  Import took 0.054133 seconds .

========================================================================
Received Prepare
Registering precompiled user dll's ...
Registered in 0.001171 seconds.
Begin MonoManager ReloadAssembly
Native extension for WindowsStandalone target not found
Refreshing native plugins compatible for Editor in 0.25 ms, found 0 plugins.
Preloading 0 native plugins for Editor in 0.00 ms.
Mono: successfully reloaded assembly
- Completed reload, in  1.845 seconds
Platform modules already initialized, skipping
Refreshing native plugins compatible for Editor in 0.25 ms, found 0 plugins.
Preloading 0 native plugins for Editor in 0.00 ms.
Unloading 1110 Unused Serialized files (Serialized files now loaded: 0)
System memory in use before: 61.4 MB.
System memory in use after: 61.5 MB.

Unloading 6 unused Assets to reduce memory usage. Loaded Objects now: 1609.
Total: 1.902300 ms (FindLiveObjects: 0.171200 ms CreateObjectMapping: 0.043800 ms MarkObjects: 1.613000 ms  DeleteObjects: 0.072400 ms)

========================================================================
Received Prepare
Registering precompiled user dll's ...
Registered in 0.000679 seconds.
Begin MonoManager ReloadAssembly
Native extension for WindowsStandalone target not found
Refreshing native plugins compatible for Editor in 0.22 ms, found 0 plugins.
Preloading 0 native plugins for Editor in 0.00 ms.
Mono: successfully reloaded assembly
- Completed reload, in  0.926 seconds
Platform modules already initialized, skipping
Refreshing native plugins compatible for Editor in 0.27 ms, found 0 plugins.
Preloading 0 native plugins for Editor in 0.00 ms.
Unloading 1110 Unused Serialized files (Serialized files now loaded: 0)
System memory in use before: 61.5 MB.
System memory in use after: 61.5 MB.

Unloading 5 unused Assets to reduce memory usage. Loaded Objects now: 1612.
Total: 2.560400 ms (FindLiveObjects: 0.664400 ms CreateObjectMapping: 0.125000 ms MarkObjects: 1.702500 ms  DeleteObjects: 0.065800 ms)

========================================================================
Received Import Request.
  Time since last request: 11535.928374 seconds.
  path: Assets/FBX/Stump/Ball.physicMaterial
  artifactKey: Guid(3b92723d94b905743b117b005d9e638d) Importer(815301076,1909f56bfc062723c751e8b465ee728b)
Start importing Assets/FBX/Stump/Ball.physicMaterial using Guid(3b92723d94b905743b117b005d9e638d) Importer(815301076,1909f56bfc062723c751e8b465ee728b)  -> (artifact id: '13be991adda719c590e9eecb2a0a4c67') in 0.017192 seconds
  Import took 0.019964 seconds .

========================================================================
Received Prepare
Registering precompiled user dll's ...
Registered in 0.000609 seconds.
Begin MonoManager ReloadAssembly
Native extension for WindowsStandalone target not found
Refreshing native plugins compatible for Editor in 0.23 ms, found 0 plugins.
Preloading 0 native plugins for Editor in 0.00 ms.
Mono: successfully reloaded assembly
- Completed reload, in  0.932 seconds
Platform modules already initialized, skipping
Refreshing native plugins compatible for Editor in 0.23 ms, found 0 plugins.
Preloading 0 native plugins for Editor in 0.00 ms.
Unloading 1110 Unused Serialized files (Serialized files now loaded: 0)
System memory in use before: 61.5 MB.
System memory in use after: 61.6 MB.

Unloading 5 unused Assets to reduce memory usage. Loaded Objects now: 1615.
Total: 2.184400 ms (FindLiveObjects: 0.225800 ms CreateObjectMapping: 0.045500 ms MarkObjects: 1.797800 ms  DeleteObjects: 0.112700 ms)

